# JRE version: Java(TM) SE Runtime Environment (8.0_112-b15) (build 1.8.0_112-b15)
# Java VM: Java HotSpot(TM) 64-Bit Server VM (25.112-b15 mixed mode windows-amd64 compressed oops)
Heap:
 PSYoungGen      total 59392K, used 14336K [0x00000007bc400000, 0x00000007c0000000, 0x00000007c0000000)
  eden space 57344K, 22% used [0x00000007bc400000,0x00000007bd0b0b00,0x00000007bfc00000)
  from space 2048K, 65% used [0x00000007bfc00000,0x00000007bfd4f7e0,0x00000007bfe00000)
  to   space 2048K, 0% used [0x00000007bfe00000,0x00000007bfe00000,0x00000007c0000000)
 ParOldGen       total 206848K, used 55691K [0x0000000700000000, 0x000000070ca00000, 0x00000007bc400000)
  object space 206848K, 26% used [0x0000000700000000,0x0000000703662cc8,0x000000070ca00000)
 Metaspace       used 70148K, capacity 70801K, committed 71424K, reserved 1112064K
  class space    used 9312K, capacity 9461K, committed 9472K, reserved 1048576K
GC Heap History (10 events):
Event: 458.068 GC heap before
{Heap before GC invocations=410 (full 133):
 PSYoungGen      total 60416K, used 59808K [0x00000007bc400000, 0x00000007c0000000, 0x00000007c0000000)
  eden space 59392K, 100% used [0x00000007bc400000,0x00000007bfe00000,0x00000007bfe00000)
  from space 1024K, 40% used [0x00000007bff00000,0x00000007bff68000,0x00000007c0000000)
  to   space 1024K, 0% used [0x00000007bfe00000,0x00000007bfe00000,0x00000007bff00000)
 ParOldGen       total 206848K, used 54811K [0x0000000700000000, 0x000000070ca00000, 0x00000007bc400000)
  object space 206848K, 26% used [0x0000000700000000,0x0000000703586fe0,0x000000070ca00000)
 Metaspace       used 70121K, capacity 70801K, committed 71424K, reserved 1112064K
  class space    used 9312K, capacity 9461K, committed 9472K, reserved 1048576K
Event: 458.072 GC heap after
Heap after GC invocations=410 (full 133):
 PSYoungGen      total 60416K, used 1021K [0x00000007bc400000, 0x00000007c0000000, 0x00000007c0000000)
  eden space 59392K, 0% used [0x00000007bc400000,0x00000007bc400000,0x00000007bfe00000)
  from space 1024K, 99% used [0x00000007bfe00000,0x00000007bfeff7e0,0x00000007bff00000)
  to   space 1024K, 0% used [0x00000007bff00000,0x00000007bff00000,0x00000007c0000000)
 ParOldGen       total 206848K, used 54819K [0x0000000700000000, 0x000000070ca00000, 0x00000007bc400000)
  object space 206848K, 26% used [0x0000000700000000,0x0000000703588fe0,0x000000070ca00000)
 Metaspace       used 70121K, capacity 70801K, committed 71424K, reserved 1112064K
  class space    used 9312K, capacity 9461K, committed 9472K, reserved 1048576K
}
Event: 465.032 GC heap before
{Heap before GC invocations=411 (full 133):
 PSYoungGen      total 60416K, used 60413K [0x00000007bc400000, 0x00000007c0000000, 0x00000007c0000000)
  eden space 59392K, 100% used [0x00000007bc400000,0x00000007bfe00000,0x00000007bfe00000)
  from space 1024K, 99% used [0x00000007bfe00000,0x00000007bfeff7e0,0x00000007bff00000)
  to   space 1024K, 0% used [0x00000007bff00000,0x00000007bff00000,0x00000007c0000000)
 ParOldGen       total 206848K, used 54819K [0x0000000700000000, 0x000000070ca00000, 0x00000007bc400000)
  object space 206848K, 26% used [0x0000000700000000,0x0000000703588fe0,0x000000070ca00000)
 Metaspace       used 70134K, capacity 70801K, committed 71424K, reserved 1112064K
  class space    used 9312K, capacity 9461K, committed 9472K, reserved 1048576K
Event: 465.037 GC heap after
Heap after GC invocations=411 (full 133):
 PSYoungGen      total 59392K, used 1021K [0x00000007bc400000, 0x00000007c0000000, 0x00000007c0000000)
  eden space 58368K, 0% used [0x00000007bc400000,0x00000007bc400000,0x00000007bfd00000)
  from space 1024K, 99% used [0x00000007bff00000,0x00000007bffff7e0,0x00000007c0000000)
  to   space 1536K, 0% used [0x00000007bfd00000,0x00000007bfd00000,0x00000007bfe80000)
 ParOldGen       total 206848K, used 55691K [0x0000000700000000, 0x000000070ca00000, 0x00000007bc400000)
  object space 206848K, 26% used [0x0000000700000000,0x0000000703662cc8,0x000000070ca00000)
 Metaspace       used 70134K, capacity 70801K, committed 71424K, reserved 1112064K
  class space    used 9312K, capacity 9461K, committed 9472K, reserved 1048576K
}
Event: 465.330 GC heap before
{Heap before GC invocations=412 (full 133):
 PSYoungGen      total 59392K, used 59389K [0x00000007bc400000, 0x00000007c0000000, 0x00000007c0000000)
  eden space 58368K, 100% used [0x00000007bc400000,0x00000007bfd00000,0x00000007bfd00000)
  from space 1024K, 99% used [0x00000007bff00000,0x00000007bffff7e0,0x00000007c0000000)
  to   space 1536K, 0% used [0x00000007bfd00000,0x00000007bfd00000,0x00000007bfe80000)
 ParOldGen       total 206848K, used 55691K [0x0000000700000000, 0x000000070ca00000, 0x00000007bc400000)
  object space 206848K, 26% used [0x0000000700000000,0x0000000703662cc8,0x000000070ca00000)
 Metaspace       used 70134K, capacity 70801K, committed 71424K, reserved 1112064K
  class space    used 9312K, capacity 9461K, committed 9472K, reserved 1048576K
Event: 465.333 GC heap after
Heap after GC invocations=412 (full 133):
 PSYoungGen      total 59904K, used 1181K [0x00000007bc400000, 0x00000007c0000000, 0x00000007c0000000)
  eden space 58368K, 0% used [0x00000007bc400000,0x00000007bc400000,0x00000007bfd00000)
  from space 1536K, 76% used [0x00000007bfd00000,0x00000007bfe277e0,0x00000007bfe80000)
  to   space 1536K, 0% used [0x00000007bfe80000,0x00000007bfe80000,0x00000007c0000000)
 ParOldGen       total 206848K, used 55691K [0x0000000700000000, 0x000000070ca00000, 0x00000007bc400000)
  object space 206848K, 26% used [0x0000000700000000,0x0000000703662cc8,0x000000070ca00000)
 Metaspace       used 70134K, capacity 70801K, committed 71424K, reserved 1112064K
  class space    used 9312K, capacity 9461K, committed 9472K, reserved 1048576K
}
Event: 465.635 GC heap before
{Heap before GC invocations=413 (full 133):
 PSYoungGen      total 59904K, used 59549K [0x00000007bc400000, 0x00000007c0000000, 0x00000007c0000000)
  eden space 58368K, 100% used [0x00000007bc400000,0x00000007bfd00000,0x00000007bfd00000)
  from space 1536K, 76% used [0x00000007bfd00000,0x00000007bfe277e0,0x00000007bfe80000)
  to   space 1536K, 0% used [0x00000007bfe80000,0x00000007bfe80000,0x00000007c0000000)
 ParOldGen       total 206848K, used 55691K [0x0000000700000000, 0x000000070ca00000, 0x00000007bc400000)
  object space 206848K, 26% used [0x0000000700000000,0x0000000703662cc8,0x000000070ca00000)
 Metaspace       used 70134K, capacity 70801K, committed 71424K, reserved 1112064K
  class space    used 9312K, capacity 9461K, committed 9472K, reserved 1048576K
Event: 465.639 GC heap after
Heap after GC invocations=413 (full 133):
 PSYoungGen      total 58880K, used 1373K [0x00000007bc400000, 0x00000007c0000000, 0x00000007c0000000)
  eden space 57344K, 0% used [0x00000007bc400000,0x00000007bc400000,0x00000007bfc00000)
  from space 1536K, 89% used [0x00000007bfe80000,0x00000007bffd77e0,0x00000007c0000000)
  to   space 2048K, 0% used [0x00000007bfc00000,0x00000007bfc00000,0x00000007bfe00000)
 ParOldGen       total 206848K, used 55691K [0x0000000700000000, 0x000000070ca00000, 0x00000007bc400000)
  object space 206848K, 26% used [0x0000000700000000,0x0000000703662cc8,0x000000070ca00000)
 Metaspace       used 70134K, capacity 70801K, committed 71424K, reserved 1112064K
  class space    used 9312K, capacity 9461K, committed 9472K, reserved 1048576K
}
Event: 465.876 GC heap before
{Heap before GC invocations=414 (full 133):
 PSYoungGen      total 58880K, used 58717K [0x00000007bc400000, 0x00000007c0000000, 0x00000007c0000000)
  eden space 57344K, 100% used [0x00000007bc400000,0x00000007bfc00000,0x00000007bfc00000)
  from space 1536K, 89% used [0x00000007bfe80000,0x00000007bffd77e0,0x00000007c0000000)
  to   space 2048K, 0% used [0x00000007bfc00000,0x00000007bfc00000,0x00000007bfe00000)
 ParOldGen       total 206848K, used 55691K [0x0000000700000000, 0x000000070ca00000, 0x00000007bc400000)
  object space 206848K, 26% used [0x0000000700000000,0x0000000703662cc8,0x000000070ca00000)
 Metaspace       used 70142K, capacity 70801K, committed 71424K, reserved 1112064K
  class space    used 9312K, capacity 9461K, committed 9472K, reserved 1048576K
Event: 465.879 GC heap after
Heap after GC invocations=414 (full 133):
 PSYoungGen      total 59392K, used 1341K [0x00000007bc400000, 0x00000007c0000000, 0x00000007c0000000)
  eden space 57344K, 0% used [0x00000007bc400000,0x00000007bc400000,0x00000007bfc00000)
  from space 2048K, 65% used [0x00000007bfc00000,0x00000007bfd4f7e0,0x00000007bfe00000)
  to   space 2048K, 0% used [0x00000007bfe00000,0x00000007bfe00000,0x00000007c0000000)
 ParOldGen       total 206848K, used 55691K [0x0000000700000000, 0x000000070ca00000, 0x00000007bc400000)
  object space 206848K, 26% used [0x0000000700000000,0x0000000703662cc8,0x000000070ca00000)
 Metaspace       used 70142K, capacity 70801K, committed 71424K, reserved 1112064K
  class space    used 9312K, capacity 9461K, committed 9472K, reserved 1048576K
}

