# JRE version: Java(TM) SE Runtime Environment (8.0_112-b15) (build 1.8.0_112-b15)
# Java VM: Java HotSpot(TM) 64-Bit Server VM (25.112-b15 mixed mode windows-amd64 compressed oops)
Heap:
 PSYoungGen      total 57856K, used 33647K [0x00000007bc400000, 0x00000007c0000000, 0x00000007c0000000)
  eden space 54272K, 60% used [0x00000007bc400000,0x00000007be423f68,0x00000007bf900000)
  from space 3584K, 20% used [0x00000007bfc80000,0x00000007bfd38000,0x00000007c0000000)
  to   space 3584K, 0% used [0x00000007bf900000,0x00000007bf900000,0x00000007bfc80000)
 ParOldGen       total 145408K, used 77626K [0x0000000700000000, 0x0000000708e00000, 0x00000007bc400000)
  object space 145408K, 53% used [0x0000000700000000,0x0000000704bce9f8,0x0000000708e00000)
 Metaspace       used 75530K, capacity 76341K, committed 76800K, reserved 1116160K
  class space    used 10066K, capacity 10233K, committed 10240K, reserved 1048576K
GC Heap History (10 events):
Event: 1305.782 GC heap before
{Heap before GC invocations=517 (full 94):
 PSYoungGen      total 58880K, used 57440K [0x00000007bc400000, 0x00000007c0000000, 0x00000007c0000000)
  eden space 56320K, 100% used [0x00000007bc400000,0x00000007bfb00000,0x00000007bfb00000)
  from space 2560K, 43% used [0x00000007bfd80000,0x00000007bfe98000,0x00000007c0000000)
  to   space 2560K, 0% used [0x00000007bfb00000,0x00000007bfb00000,0x00000007bfd80000)
 ParOldGen       total 145408K, used 81441K [0x0000000700000000, 0x0000000708e00000, 0x00000007bc400000)
  object space 145408K, 56% used [0x0000000700000000,0x0000000704f884c0,0x0000000708e00000)
 Metaspace       used 75440K, capacity 76245K, committed 76800K, reserved 1116160K
  class space    used 10053K, capacity 10201K, committed 10240K, reserved 1048576K
Event: 1305.786 GC heap after
Heap after GC invocations=517 (full 94):
 PSYoungGen      total 58880K, used 2276K [0x00000007bc400000, 0x00000007c0000000, 0x00000007c0000000)
  eden space 56320K, 0% used [0x00000007bc400000,0x00000007bc400000,0x00000007bfb00000)
  from space 2560K, 88% used [0x00000007bfb00000,0x00000007bfd39310,0x00000007bfd80000)
  to   space 2560K, 0% used [0x00000007bfd80000,0x00000007bfd80000,0x00000007c0000000)
 ParOldGen       total 145408K, used 81441K [0x0000000700000000, 0x0000000708e00000, 0x00000007bc400000)
  object space 145408K, 56% used [0x0000000700000000,0x0000000704f884c0,0x0000000708e00000)
 Metaspace       used 75440K, capacity 76245K, committed 76800K, reserved 1116160K
  class space    used 10053K, capacity 10201K, committed 10240K, reserved 1048576K
}
Event: 1309.761 GC heap before
{Heap before GC invocations=518 (full 94):
 PSYoungGen      total 58880K, used 58596K [0x00000007bc400000, 0x00000007c0000000, 0x00000007c0000000)
  eden space 56320K, 100% used [0x00000007bc400000,0x00000007bfb00000,0x00000007bfb00000)
  from space 2560K, 88% used [0x00000007bfb00000,0x00000007bfd39310,0x00000007bfd80000)
  to   space 2560K, 0% used [0x00000007bfd80000,0x00000007bfd80000,0x00000007c0000000)
 ParOldGen       total 145408K, used 81441K [0x0000000700000000, 0x0000000708e00000, 0x00000007bc400000)
  object space 145408K, 56% used [0x0000000700000000,0x0000000704f884c0,0x0000000708e00000)
 Metaspace       used 75453K, capacity 76245K, committed 76800K, reserved 1116160K
  class space    used 10053K, capacity 10201K, committed 10240K, reserved 1048576K
Event: 1309.773 GC heap after
Heap after GC invocations=518 (full 94):
 PSYoungGen      total 56832K, used 2400K [0x00000007bc400000, 0x00000007c0000000, 0x00000007c0000000)
  eden space 54272K, 0% used [0x00000007bc400000,0x00000007bc400000,0x00000007bf900000)
  from space 2560K, 93% used [0x00000007bfd80000,0x00000007bffd8000,0x00000007c0000000)
  to   space 3584K, 0% used [0x00000007bf900000,0x00000007bf900000,0x00000007bfc80000)
 ParOldGen       total 145408K, used 84077K [0x0000000700000000, 0x0000000708e00000, 0x00000007bc400000)
  object space 145408K, 57% used [0x0000000700000000,0x000000070521b770,0x0000000708e00000)
 Metaspace       used 75453K, capacity 76245K, committed 76800K, reserved 1116160K
  class space    used 10053K, capacity 10201K, committed 10240K, reserved 1048576K
}
Event: 1310.114 GC heap before
{Heap before GC invocations=519 (full 94):
 PSYoungGen      total 56832K, used 25239K [0x00000007bc400000, 0x00000007c0000000, 0x00000007c0000000)
  eden space 54272K, 42% used [0x00000007bc400000,0x00000007bda4dcd8,0x00000007bf900000)
  from space 2560K, 93% used [0x00000007bfd80000,0x00000007bffd8000,0x00000007c0000000)
  to   space 3584K, 0% used [0x00000007bf900000,0x00000007bf900000,0x00000007bfc80000)
 ParOldGen       total 145408K, used 84077K [0x0000000700000000, 0x0000000708e00000, 0x00000007bc400000)
  object space 145408K, 57% used [0x0000000700000000,0x000000070521b770,0x0000000708e00000)
 Metaspace       used 75455K, capacity 76245K, committed 76800K, reserved 1116160K
  class space    used 10053K, capacity 10201K, committed 10240K, reserved 1048576K
Event: 1310.120 GC heap after
Heap after GC invocations=519 (full 94):
 PSYoungGen      total 57856K, used 2272K [0x00000007bc400000, 0x00000007c0000000, 0x00000007c0000000)
  eden space 54272K, 0% used [0x00000007bc400000,0x00000007bc400000,0x00000007bf900000)
  from space 3584K, 63% used [0x00000007bf900000,0x00000007bfb38000,0x00000007bfc80000)
  to   space 3584K, 0% used [0x00000007bfc80000,0x00000007bfc80000,0x00000007c0000000)
 ParOldGen       total 145408K, used 84077K [0x0000000700000000, 0x0000000708e00000, 0x00000007bc400000)
  object space 145408K, 57% used [0x0000000700000000,0x000000070521b770,0x0000000708e00000)
 Metaspace       used 75455K, capacity 76245K, committed 76800K, reserved 1116160K
  class space    used 10053K, capacity 10201K, committed 10240K, reserved 1048576K
}
Event: 1310.120 GC heap before
{Heap before GC invocations=520 (full 95):
 PSYoungGen      total 57856K, used 2272K [0x00000007bc400000, 0x00000007c0000000, 0x00000007c0000000)
  eden space 54272K, 0% used [0x00000007bc400000,0x00000007bc400000,0x00000007bf900000)
  from space 3584K, 63% used [0x00000007bf900000,0x00000007bfb38000,0x00000007bfc80000)
  to   space 3584K, 0% used [0x00000007bfc80000,0x00000007bfc80000,0x00000007c0000000)
 ParOldGen       total 145408K, used 84077K [0x0000000700000000, 0x0000000708e00000, 0x00000007bc400000)
  object space 145408K, 57% used [0x0000000700000000,0x000000070521b770,0x0000000708e00000)
 Metaspace       used 75455K, capacity 76245K, committed 76800K, reserved 1116160K
  class space    used 10053K, capacity 10201K, committed 10240K, reserved 1048576K
Event: 1310.291 GC heap after
Heap after GC invocations=520 (full 95):
 PSYoungGen      total 57856K, used 0K [0x00000007bc400000, 0x00000007c0000000, 0x00000007c0000000)
  eden space 54272K, 0% used [0x00000007bc400000,0x00000007bc400000,0x00000007bf900000)
  from space 3584K, 0% used [0x00000007bf900000,0x00000007bf900000,0x00000007bfc80000)
  to   space 3584K, 0% used [0x00000007bfc80000,0x00000007bfc80000,0x00000007c0000000)
 ParOldGen       total 145408K, used 77626K [0x0000000700000000, 0x0000000708e00000, 0x00000007bc400000)
  object space 145408K, 53% used [0x0000000700000000,0x0000000704bce9f8,0x0000000708e00000)
 Metaspace       used 75455K, capacity 76245K, committed 76800K, reserved 1116160K
  class space    used 10053K, capacity 10201K, committed 10240K, reserved 1048576K
}
Event: 1316.212 GC heap before
{Heap before GC invocations=521 (full 95):
 PSYoungGen      total 57856K, used 54272K [0x00000007bc400000, 0x00000007c0000000, 0x00000007c0000000)
  eden space 54272K, 100% used [0x00000007bc400000,0x00000007bf900000,0x00000007bf900000)
  from space 3584K, 0% used [0x00000007bf900000,0x00000007bf900000,0x00000007bfc80000)
  to   space 3584K, 0% used [0x00000007bfc80000,0x00000007bfc80000,0x00000007c0000000)
 ParOldGen       total 145408K, used 77626K [0x0000000700000000, 0x0000000708e00000, 0x00000007bc400000)
  object space 145408K, 53% used [0x0000000700000000,0x0000000704bce9f8,0x0000000708e00000)
 Metaspace       used 75461K, capacity 76245K, committed 76800K, reserved 1116160K
  class space    used 10053K, capacity 10201K, committed 10240K, reserved 1048576K
Event: 1316.216 GC heap after
Heap after GC invocations=521 (full 95):
 PSYoungGen      total 57856K, used 736K [0x00000007bc400000, 0x00000007c0000000, 0x00000007c0000000)
  eden space 54272K, 0% used [0x00000007bc400000,0x00000007bc400000,0x00000007bf900000)
  from space 3584K, 20% used [0x00000007bfc80000,0x00000007bfd38000,0x00000007c0000000)
  to   space 3584K, 0% used [0x00000007bf900000,0x00000007bf900000,0x00000007bfc80000)
 ParOldGen       total 145408K, used 77626K [0x0000000700000000, 0x0000000708e00000, 0x00000007bc400000)
  object space 145408K, 53% used [0x0000000700000000,0x0000000704bce9f8,0x0000000708e00000)
 Metaspace       used 75461K, capacity 76245K, committed 76800K, reserved 1116160K
  class space    used 10053K, capacity 10201K, committed 10240K, reserved 1048576K
}

