13:57:15 **** Build of project AxiLiteZynqBRAMDemo_bsp ****
make -k all 
"Running Make include in ps7_cortexa9_0/libsrc/AXILiteToBRAMIntf_v1_0/src"
make -C ps7_cortexa9_0/libsrc/AXILiteToBRAMIntf_v1_0/src -s include  "SHELL=CMD" "COMPILER=arm-none-eabi-gcc" "ARCHIVER=arm-none-eabi-ar" "COMPILER_FLAGS=  -O2 -c" "EXTRA_COMPILER_FLAGS=-mcpu=cortex-a9 -mfpu=vfpv3 -mfloat-abi=hard -nostartfiles -Wall -Wextra"
"Running Make include in ps7_cortexa9_0/libsrc/coresightps_dcc_v1_4/src"
make -C ps7_cortexa9_0/libsrc/coresightps_dcc_v1_4/src -s include  "SHELL=CMD" "COMPILER=arm-none-eabi-gcc" "ARCHIVER=arm-none-eabi-ar" "COMPILER_FLAGS=  -O2 -c" "EXTRA_COMPILER_FLAGS=-mcpu=cortex-a9 -mfpu=vfpv3 -mfloat-abi=hard -nostartfiles -Wall -Wextra"
"Running Make include in ps7_cortexa9_0/libsrc/cpu_cortexa9_v2_4/src"
make -C ps7_cortexa9_0/libsrc/cpu_cortexa9_v2_4/src -s include  "SHELL=CMD" "COMPILER=arm-none-eabi-gcc" "ARCHIVER=arm-none-eabi-ar" "COMPILER_FLAGS=  -O2 -c" "EXTRA_COMPILER_FLAGS=-mcpu=cortex-a9 -mfpu=vfpv3 -mfloat-abi=hard -nostartfiles -Wall -Wextra"
"Running Make include in ps7_cortexa9_0/libsrc/ddrps_v1_0/src"
make -C ps7_cortexa9_0/libsrc/ddrps_v1_0/src -s include  "SHELL=CMD" "COMPILER=arm-none-eabi-gcc" "ARCHIVER=arm-none-eabi-ar" "COMPILER_FLAGS=  -O2 -c" "EXTRA_COMPILER_FLAGS=-mcpu=cortex-a9 -mfpu=vfpv3 -mfloat-abi=hard -nostartfiles -Wall -Wextra"
"Running Make include in ps7_cortexa9_0/libsrc/devcfg_v3_4/src"
make -C ps7_cortexa9_0/libsrc/devcfg_v3_4/src -s include  "SHELL=CMD" "COMPILER=arm-none-eabi-gcc" "ARCHIVER=arm-none-eabi-ar" "COMPILER_FLAGS=  -O2 -c" "EXTRA_COMPILER_FLAGS=-mcpu=cortex-a9 -mfpu=vfpv3 -mfloat-abi=hard -nostartfiles -Wall -Wextra"
"Running Make include in ps7_cortexa9_0/libsrc/dmaps_v2_3/src"
make -C ps7_cortexa9_0/libsrc/dmaps_v2_3/src -s include  "SHELL=CMD" "COMPILER=arm-none-eabi-gcc" "ARCHIVER=arm-none-eabi-ar" "COMPILER_FLAGS=  -O2 -c" "EXTRA_COMPILER_FLAGS=-mcpu=cortex-a9 -mfpu=vfpv3 -mfloat-abi=hard -nostartfiles -Wall -Wextra"
"Running Make include in ps7_cortexa9_0/libsrc/qspips_v3_3/src"
make -C ps7_cortexa9_0/libsrc/qspips_v3_3/src -s include  "SHELL=CMD" "COMPILER=arm-none-eabi-gcc" "ARCHIVER=arm-none-eabi-ar" "COMPILER_FLAGS=  -O2 -c" "EXTRA_COMPILER_FLAGS=-mcpu=cortex-a9 -mfpu=vfpv3 -mfloat-abi=hard -nostartfiles -Wall -Wextra"
"Running Make include in ps7_cortexa9_0/libsrc/scugic_v3_7/src"
make -C ps7_cortexa9_0/libsrc/scugic_v3_7/src -s include  "SHELL=CMD" "COMPILER=arm-none-eabi-gcc" "ARCHIVER=arm-none-eabi-ar" "COMPILER_FLAGS=  -O2 -c" "EXTRA_COMPILER_FLAGS=-mcpu=cortex-a9 -mfpu=vfpv3 -mfloat-abi=hard -nostartfiles -Wall -Wextra"
"Running Make include in ps7_cortexa9_0/libsrc/scutimer_v2_1/src"
make -C ps7_cortexa9_0/libsrc/scutimer_v2_1/src -s include  "SHELL=CMD" "COMPILER=arm-none-eabi-gcc" "ARCHIVER=arm-none-eabi-ar" "COMPILER_FLAGS=  -O2 -c" "EXTRA_COMPILER_FLAGS=-mcpu=cortex-a9 -mfpu=vfpv3 -mfloat-abi=hard -nostartfiles -Wall -Wextra"
"Running Make include in ps7_cortexa9_0/libsrc/scuwdt_v2_1/src"
make -C ps7_cortexa9_0/libsrc/scuwdt_v2_1/src -s include  "SHELL=CMD" "COMPILER=arm-none-eabi-gcc" "ARCHIVER=arm-none-eabi-ar" "COMPILER_FLAGS=  -O2 -c" "EXTRA_COMPILER_FLAGS=-mcpu=cortex-a9 -mfpu=vfpv3 -mfloat-abi=hard -nostartfiles -Wall -Wextra"
"Running Make include in ps7_cortexa9_0/libsrc/standalone_v6_3/src"
make -C ps7_cortexa9_0/libsrc/standalone_v6_3/src -s include  "SHELL=CMD" "COMPILER=arm-none-eabi-gcc" "ARCHIVER=arm-none-eabi-ar" "COMPILER_FLAGS=  -O2 -c" "EXTRA_COMPILER_FLAGS=-mcpu=cortex-a9 -mfpu=vfpv3 -mfloat-abi=hard -nostartfiles -Wall -Wextra"
"Running Make include in ps7_cortexa9_0/libsrc/uartps_v3_4/src"
make -C ps7_cortexa9_0/libsrc/uartps_v3_4/src -s include  "SHELL=CMD" "COMPILER=arm-none-eabi-gcc" "ARCHIVER=arm-none-eabi-ar" "COMPILER_FLAGS=  -O2 -c" "EXTRA_COMPILER_FLAGS=-mcpu=cortex-a9 -mfpu=vfpv3 -mfloat-abi=hard -nostartfiles -Wall -Wextra"
"Running Make include in ps7_cortexa9_0/libsrc/xadcps_v2_2/src"
make -C ps7_cortexa9_0/libsrc/xadcps_v2_2/src -s include  "SHELL=CMD" "COMPILER=arm-none-eabi-gcc" "ARCHIVER=arm-none-eabi-ar" "COMPILER_FLAGS=  -O2 -c" "EXTRA_COMPILER_FLAGS=-mcpu=cortex-a9 -mfpu=vfpv3 -mfloat-abi=hard -nostartfiles -Wall -Wextra"
"Running Make libs in ps7_cortexa9_0/libsrc/AXILiteToBRAMIntf_v1_0/src"
make -C ps7_cortexa9_0/libsrc/AXILiteToBRAMIntf_v1_0/src -s libs  "SHELL=CMD" "COMPILER=arm-none-eabi-gcc" "ARCHIVER=arm-none-eabi-ar" "COMPILER_FLAGS=  -O2 -c" "EXTRA_COMPILER_FLAGS=-mcpu=cortex-a9 -mfpu=vfpv3 -mfloat-abi=hard -nostartfiles -Wall -Wextra"
"Compiling AXILiteToBRAMIntf..."
AXILiteToBRAMIntf_selftest.c: In function 'AXILITETOBRAMINTF_Reg_SelfTest':
AXILiteToBRAMIntf_selftest.c:52:66: warning: comparison between signed and unsigned integer expressions [-Wsign-compare]
    if ( AXILITETOBRAMINTF_mReadReg (baseaddr, read_loop_index*4) != (read_loop_index+1)*READ_WRITE_MUL_FACTOR){
                                                                  ^~
AXILiteToBRAMIntf_selftest.c:36:6: warning: unused variable 'Index' [-Wunused-variable]
  int Index;
      ^~~~~
arm-none-eabi-ar: creating ../../../lib/libxil.a
"Running Make libs in ps7_cortexa9_0/libsrc/coresightps_dcc_v1_4/src"
make -C ps7_cortexa9_0/libsrc/coresightps_dcc_v1_4/src -s libs  "SHELL=CMD" "COMPILER=arm-none-eabi-gcc" "ARCHIVER=arm-none-eabi-ar" "COMPILER_FLAGS=  -O2 -c" "EXTRA_COMPILER_FLAGS=-mcpu=cortex-a9 -mfpu=vfpv3 -mfloat-abi=hard -nostartfiles -Wall -Wextra"
"Compiling coresightps_dcc"
"Running Make libs in ps7_cortexa9_0/libsrc/cpu_cortexa9_v2_4/src"
make -C ps7_cortexa9_0/libsrc/cpu_cortexa9_v2_4/src -s libs  "SHELL=CMD" "COMPILER=arm-none-eabi-gcc" "ARCHIVER=arm-none-eabi-ar" "COMPILER_FLAGS=  -O2 -c" "EXTRA_COMPILER_FLAGS=-mcpu=cortex-a9 -mfpu=vfpv3 -mfloat-abi=hard -nostartfiles -Wall -Wextra"
"Compiling cpu_cortexa9"
"Running Make libs in ps7_cortexa9_0/libsrc/ddrps_v1_0/src"
make -C ps7_cortexa9_0/libsrc/ddrps_v1_0/src -s libs  "SHELL=CMD" "COMPILER=arm-none-eabi-gcc" "ARCHIVER=arm-none-eabi-ar" "COMPILER_FLAGS=  -O2 -c" "EXTRA_COMPILER_FLAGS=-mcpu=cortex-a9 -mfpu=vfpv3 -mfloat-abi=hard -nostartfiles -Wall -Wextra"
"Compiling ddrps"
"Running Make libs in ps7_cortexa9_0/libsrc/devcfg_v3_4/src"
make -C ps7_cortexa9_0/libsrc/devcfg_v3_4/src -s libs  "SHELL=CMD" "COMPILER=arm-none-eabi-gcc" "ARCHIVER=arm-none-eabi-ar" "COMPILER_FLAGS=  -O2 -c" "EXTRA_COMPILER_FLAGS=-mcpu=cortex-a9 -mfpu=vfpv3 -mfloat-abi=hard -nostartfiles -Wall -Wextra"
"Compiling devcfg"
"Running Make libs in ps7_cortexa9_0/libsrc/dmaps_v2_3/src"
make -C ps7_cortexa9_0/libsrc/dmaps_v2_3/src -s libs  "SHELL=CMD" "COMPILER=arm-none-eabi-gcc" "ARCHIVER=arm-none-eabi-ar" "COMPILER_FLAGS=  -O2 -c" "EXTRA_COMPILER_FLAGS=-mcpu=cortex-a9 -mfpu=vfpv3 -mfloat-abi=hard -nostartfiles -Wall -Wextra"
"Compiling dmaps"
"Running Make libs in ps7_cortexa9_0/libsrc/qspips_v3_3/src"
make -C ps7_cortexa9_0/libsrc/qspips_v3_3/src -s libs  "SHELL=CMD" "COMPILER=arm-none-eabi-gcc" "ARCHIVER=arm-none-eabi-ar" "COMPILER_FLAGS=  -O2 -c" "EXTRA_COMPILER_FLAGS=-mcpu=cortex-a9 -mfpu=vfpv3 -mfloat-abi=hard -nostartfiles -Wall -Wextra"
"Compiling qspips"
"Running Make libs in ps7_cortexa9_0/libsrc/scugic_v3_7/src"
make -C ps7_cortexa9_0/libsrc/scugic_v3_7/src -s libs  "SHELL=CMD" "COMPILER=arm-none-eabi-gcc" "ARCHIVER=arm-none-eabi-ar" "COMPILER_FLAGS=  -O2 -c" "EXTRA_COMPILER_FLAGS=-mcpu=cortex-a9 -mfpu=vfpv3 -mfloat-abi=hard -nostartfiles -Wall -Wextra"
"Compiling scugic"
xscugic_g.c:53:2: warning: missing initializer for field 'HandlerTable' of 'XScuGic_Config {aka struct <anonymous>}' [-Wmissing-field-initializers]
  }
  ^
In file included from xscugic_g.c:41:0:
xscugic.h:218:27: note: 'HandlerTable' declared here
  XScuGic_VectorTableEntry HandlerTable[XSCUGIC_MAX_NUM_INTR_INPUTS];/**<
                           ^~~~~~~~~~~~
"Running Make libs in ps7_cortexa9_0/libsrc/scutimer_v2_1/src"
make -C ps7_cortexa9_0/libsrc/scutimer_v2_1/src -s libs  "SHELL=CMD" "COMPILER=arm-none-eabi-gcc" "ARCHIVER=arm-none-eabi-ar" "COMPILER_FLAGS=  -O2 -c" "EXTRA_COMPILER_FLAGS=-mcpu=cortex-a9 -mfpu=vfpv3 -mfloat-abi=hard -nostartfiles -Wall -Wextra"
"Compiling scutimer"
"Running Make libs in ps7_cortexa9_0/libsrc/scuwdt_v2_1/src"
make -C ps7_cortexa9_0/libsrc/scuwdt_v2_1/src -s libs  "SHELL=CMD" "COMPILER=arm-none-eabi-gcc" "ARCHIVER=arm-none-eabi-ar" "COMPILER_FLAGS=  -O2 -c" "EXTRA_COMPILER_FLAGS=-mcpu=cortex-a9 -mfpu=vfpv3 -mfloat-abi=hard -nostartfiles -Wall -Wextra"
"Compiling scuwdt"
"Running Make libs in ps7_cortexa9_0/libsrc/standalone_v6_3/src"
make -C ps7_cortexa9_0/libsrc/standalone_v6_3/src -s libs  "SHELL=CMD" "COMPILER=arm-none-eabi-gcc" "ARCHIVER=arm-none-eabi-ar" "COMPILER_FLAGS=  -O2 -c" "EXTRA_COMPILER_FLAGS=-mcpu=cortex-a9 -mfpu=vfpv3 -mfloat-abi=hard -nostartfiles -Wall -Wextra"
"Compiling standalone"
"Running Make libs in ps7_cortexa9_0/libsrc/uartps_v3_4/src"
make -C ps7_cortexa9_0/libsrc/uartps_v3_4/src -s libs  "SHELL=CMD" "COMPILER=arm-none-eabi-gcc" "ARCHIVER=arm-none-eabi-ar" "COMPILER_FLAGS=  -O2 -c" "EXTRA_COMPILER_FLAGS=-mcpu=cortex-a9 -mfpu=vfpv3 -mfloat-abi=hard -nostartfiles -Wall -Wextra"
"Compiling uartps"
"Running Make libs in ps7_cortexa9_0/libsrc/xadcps_v2_2/src"
make -C ps7_cortexa9_0/libsrc/xadcps_v2_2/src -s libs  "SHELL=CMD" "COMPILER=arm-none-eabi-gcc" "ARCHIVER=arm-none-eabi-ar" "COMPILER_FLAGS=  -O2 -c" "EXTRA_COMPILER_FLAGS=-mcpu=cortex-a9 -mfpu=vfpv3 -mfloat-abi=hard -nostartfiles -Wall -Wextra"
"Compiling xadcps"
'Finished building libraries'
13:57:26 **** Auto Build of project AxiLiteZynqBRAMDemo_bsp ****
make -k all 
"Running Make include in ps7_cortexa9_0/libsrc/AXILiteToBRAMIntf_v1_0/src"
make -C ps7_cortexa9_0/libsrc/AXILiteToBRAMIntf_v1_0/src -s include  "SHELL=CMD" "COMPILER=arm-none-eabi-gcc" "ARCHIVER=arm-none-eabi-ar" "COMPILER_FLAGS=  -O2 -c" "EXTRA_COMPILER_FLAGS=-mcpu=cortex-a9 -mfpu=vfpv3 -mfloat-abi=hard -nostartfiles -Wall -Wextra"
"Running Make include in ps7_cortexa9_0/libsrc/coresightps_dcc_v1_4/src"
make -C ps7_cortexa9_0/libsrc/coresightps_dcc_v1_4/src -s include  "SHELL=CMD" "COMPILER=arm-none-eabi-gcc" "ARCHIVER=arm-none-eabi-ar" "COMPILER_FLAGS=  -O2 -c" "EXTRA_COMPILER_FLAGS=-mcpu=cortex-a9 -mfpu=vfpv3 -mfloat-abi=hard -nostartfiles -Wall -Wextra"
"Running Make include in ps7_cortexa9_0/libsrc/cpu_cortexa9_v2_4/src"
make -C ps7_cortexa9_0/libsrc/cpu_cortexa9_v2_4/src -s include  "SHELL=CMD" "COMPILER=arm-none-eabi-gcc" "ARCHIVER=arm-none-eabi-ar" "COMPILER_FLAGS=  -O2 -c" "EXTRA_COMPILER_FLAGS=-mcpu=cortex-a9 -mfpu=vfpv3 -mfloat-abi=hard -nostartfiles -Wall -Wextra"
"Running Make include in ps7_cortexa9_0/libsrc/ddrps_v1_0/src"
make -C ps7_cortexa9_0/libsrc/ddrps_v1_0/src -s include  "SHELL=CMD" "COMPILER=arm-none-eabi-gcc" "ARCHIVER=arm-none-eabi-ar" "COMPILER_FLAGS=  -O2 -c" "EXTRA_COMPILER_FLAGS=-mcpu=cortex-a9 -mfpu=vfpv3 -mfloat-abi=hard -nostartfiles -Wall -Wextra"
"Running Make include in ps7_cortexa9_0/libsrc/devcfg_v3_4/src"
make -C ps7_cortexa9_0/libsrc/devcfg_v3_4/src -s include  "SHELL=CMD" "COMPILER=arm-none-eabi-gcc" "ARCHIVER=arm-none-eabi-ar" "COMPILER_FLAGS=  -O2 -c" "EXTRA_COMPILER_FLAGS=-mcpu=cortex-a9 -mfpu=vfpv3 -mfloat-abi=hard -nostartfiles -Wall -Wextra"
"Running Make include in ps7_cortexa9_0/libsrc/dmaps_v2_3/src"
make -C ps7_cortexa9_0/libsrc/dmaps_v2_3/src -s include  "SHELL=CMD" "COMPILER=arm-none-eabi-gcc" "ARCHIVER=arm-none-eabi-ar" "COMPILER_FLAGS=  -O2 -c" "EXTRA_COMPILER_FLAGS=-mcpu=cortex-a9 -mfpu=vfpv3 -mfloat-abi=hard -nostartfiles -Wall -Wextra"
"Running Make include in ps7_cortexa9_0/libsrc/qspips_v3_3/src"
make -C ps7_cortexa9_0/libsrc/qspips_v3_3/src -s include  "SHELL=CMD" "COMPILER=arm-none-eabi-gcc" "ARCHIVER=arm-none-eabi-ar" "COMPILER_FLAGS=  -O2 -c" "EXTRA_COMPILER_FLAGS=-mcpu=cortex-a9 -mfpu=vfpv3 -mfloat-abi=hard -nostartfiles -Wall -Wextra"
"Running Make include in ps7_cortexa9_0/libsrc/scugic_v3_7/src"
make -C ps7_cortexa9_0/libsrc/scugic_v3_7/src -s include  "SHELL=CMD" "COMPILER=arm-none-eabi-gcc" "ARCHIVER=arm-none-eabi-ar" "COMPILER_FLAGS=  -O2 -c" "EXTRA_COMPILER_FLAGS=-mcpu=cortex-a9 -mfpu=vfpv3 -mfloat-abi=hard -nostartfiles -Wall -Wextra"
"Running Make include in ps7_cortexa9_0/libsrc/scutimer_v2_1/src"
make -C ps7_cortexa9_0/libsrc/scutimer_v2_1/src -s include  "SHELL=CMD" "COMPILER=arm-none-eabi-gcc" "ARCHIVER=arm-none-eabi-ar" "COMPILER_FLAGS=  -O2 -c" "EXTRA_COMPILER_FLAGS=-mcpu=cortex-a9 -mfpu=vfpv3 -mfloat-abi=hard -nostartfiles -Wall -Wextra"
"Running Make include in ps7_cortexa9_0/libsrc/scuwdt_v2_1/src"
make -C ps7_cortexa9_0/libsrc/scuwdt_v2_1/src -s include  "SHELL=CMD" "COMPILER=arm-none-eabi-gcc" "ARCHIVER=arm-none-eabi-ar" "COMPILER_FLAGS=  -O2 -c" "EXTRA_COMPILER_FLAGS=-mcpu=cortex-a9 -mfpu=vfpv3 -mfloat-abi=hard -nostartfiles -Wall -Wextra"
"Running Make include in ps7_cortexa9_0/libsrc/standalone_v6_3/src"
make -C ps7_cortexa9_0/libsrc/standalone_v6_3/src -s include  "SHELL=CMD" "COMPILER=arm-none-eabi-gcc" "ARCHIVER=arm-none-eabi-ar" "COMPILER_FLAGS=  -O2 -c" "EXTRA_COMPILER_FLAGS=-mcpu=cortex-a9 -mfpu=vfpv3 -mfloat-abi=hard -nostartfiles -Wall -Wextra"
"Running Make include in ps7_cortexa9_0/libsrc/uartps_v3_4/src"
make -C ps7_cortexa9_0/libsrc/uartps_v3_4/src -s include  "SHELL=CMD" "COMPILER=arm-none-eabi-gcc" "ARCHIVER=arm-none-eabi-ar" "COMPILER_FLAGS=  -O2 -c" "EXTRA_COMPILER_FLAGS=-mcpu=cortex-a9 -mfpu=vfpv3 -mfloat-abi=hard -nostartfiles -Wall -Wextra"
"Running Make include in ps7_cortexa9_0/libsrc/xadcps_v2_2/src"
make -C ps7_cortexa9_0/libsrc/xadcps_v2_2/src -s include  "SHELL=CMD" "COMPILER=arm-none-eabi-gcc" "ARCHIVER=arm-none-eabi-ar" "COMPILER_FLAGS=  -O2 -c" "EXTRA_COMPILER_FLAGS=-mcpu=cortex-a9 -mfpu=vfpv3 -mfloat-abi=hard -nostartfiles -Wall -Wextra"
"Running Make libs in ps7_cortexa9_0/libsrc/AXILiteToBRAMIntf_v1_0/src"
make -C ps7_cortexa9_0/libsrc/AXILiteToBRAMIntf_v1_0/src -s libs  "SHELL=CMD" "COMPILER=arm-none-eabi-gcc" "ARCHIVER=arm-none-eabi-ar" "COMPILER_FLAGS=  -O2 -c" "EXTRA_COMPILER_FLAGS=-mcpu=cortex-a9 -mfpu=vfpv3 -mfloat-abi=hard -nostartfiles -Wall -Wextra"
"Compiling AXILiteToBRAMIntf..."
AXILiteToBRAMIntf_selftest.c: In function 'AXILITETOBRAMINTF_Reg_SelfTest':
AXILiteToBRAMIntf_selftest.c:52:66: warning: comparison between signed and unsigned integer expressions [-Wsign-compare]
    if ( AXILITETOBRAMINTF_mReadReg (baseaddr, read_loop_index*4) != (read_loop_index+1)*READ_WRITE_MUL_FACTOR){
                                                                  ^~
AXILiteToBRAMIntf_selftest.c:36:6: warning: unused variable 'Index' [-Wunused-variable]
  int Index;
      ^~~~~
"Running Make libs in ps7_cortexa9_0/libsrc/coresightps_dcc_v1_4/src"
make -C ps7_cortexa9_0/libsrc/coresightps_dcc_v1_4/src -s libs  "SHELL=CMD" "COMPILER=arm-none-eabi-gcc" "ARCHIVER=arm-none-eabi-ar" "COMPILER_FLAGS=  -O2 -c" "EXTRA_COMPILER_FLAGS=-mcpu=cortex-a9 -mfpu=vfpv3 -mfloat-abi=hard -nostartfiles -Wall -Wextra"
"Compiling coresightps_dcc"
"Running Make libs in ps7_cortexa9_0/libsrc/cpu_cortexa9_v2_4/src"
make -C ps7_cortexa9_0/libsrc/cpu_cortexa9_v2_4/src -s libs  "SHELL=CMD" "COMPILER=arm-none-eabi-gcc" "ARCHIVER=arm-none-eabi-ar" "COMPILER_FLAGS=  -O2 -c" "EXTRA_COMPILER_FLAGS=-mcpu=cortex-a9 -mfpu=vfpv3 -mfloat-abi=hard -nostartfiles -Wall -Wextra"
"Compiling cpu_cortexa9"
"Running Make libs in ps7_cortexa9_0/libsrc/ddrps_v1_0/src"
make -C ps7_cortexa9_0/libsrc/ddrps_v1_0/src -s libs  "SHELL=CMD" "COMPILER=arm-none-eabi-gcc" "ARCHIVER=arm-none-eabi-ar" "COMPILER_FLAGS=  -O2 -c" "EXTRA_COMPILER_FLAGS=-mcpu=cortex-a9 -mfpu=vfpv3 -mfloat-abi=hard -nostartfiles -Wall -Wextra"
"Compiling ddrps"
"Running Make libs in ps7_cortexa9_0/libsrc/devcfg_v3_4/src"
make -C ps7_cortexa9_0/libsrc/devcfg_v3_4/src -s libs  "SHELL=CMD" "COMPILER=arm-none-eabi-gcc" "ARCHIVER=arm-none-eabi-ar" "COMPILER_FLAGS=  -O2 -c" "EXTRA_COMPILER_FLAGS=-mcpu=cortex-a9 -mfpu=vfpv3 -mfloat-abi=hard -nostartfiles -Wall -Wextra"
"Compiling devcfg"
"Running Make libs in ps7_cortexa9_0/libsrc/dmaps_v2_3/src"
make -C ps7_cortexa9_0/libsrc/dmaps_v2_3/src -s libs  "SHELL=CMD" "COMPILER=arm-none-eabi-gcc" "ARCHIVER=arm-none-eabi-ar" "COMPILER_FLAGS=  -O2 -c" "EXTRA_COMPILER_FLAGS=-mcpu=cortex-a9 -mfpu=vfpv3 -mfloat-abi=hard -nostartfiles -Wall -Wextra"
"Compiling dmaps"
"Running Make libs in ps7_cortexa9_0/libsrc/qspips_v3_3/src"
make -C ps7_cortexa9_0/libsrc/qspips_v3_3/src -s libs  "SHELL=CMD" "COMPILER=arm-none-eabi-gcc" "ARCHIVER=arm-none-eabi-ar" "COMPILER_FLAGS=  -O2 -c" "EXTRA_COMPILER_FLAGS=-mcpu=cortex-a9 -mfpu=vfpv3 -mfloat-abi=hard -nostartfiles -Wall -Wextra"
"Compiling qspips"
"Running Make libs in ps7_cortexa9_0/libsrc/scugic_v3_7/src"
make -C ps7_cortexa9_0/libsrc/scugic_v3_7/src -s libs  "SHELL=CMD" "COMPILER=arm-none-eabi-gcc" "ARCHIVER=arm-none-eabi-ar" "COMPILER_FLAGS=  -O2 -c" "EXTRA_COMPILER_FLAGS=-mcpu=cortex-a9 -mfpu=vfpv3 -mfloat-abi=hard -nostartfiles -Wall -Wextra"
"Compiling scugic"
xscugic_g.c:53:2: warning: missing initializer for field 'HandlerTable' of 'XScuGic_Config {aka struct <anonymous>}' [-Wmissing-field-initializers]
  }
  ^
In file included from xscugic_g.c:41:0:
xscugic.h:218:27: note: 'HandlerTable' declared here
  XScuGic_VectorTableEntry HandlerTable[XSCUGIC_MAX_NUM_INTR_INPUTS];/**<
                           ^~~~~~~~~~~~
"Running Make libs in ps7_cortexa9_0/libsrc/scutimer_v2_1/src"
make -C ps7_cortexa9_0/libsrc/scutimer_v2_1/src -s libs  "SHELL=CMD" "COMPILER=arm-none-eabi-gcc" "ARCHIVER=arm-none-eabi-ar" "COMPILER_FLAGS=  -O2 -c" "EXTRA_COMPILER_FLAGS=-mcpu=cortex-a9 -mfpu=vfpv3 -mfloat-abi=hard -nostartfiles -Wall -Wextra"
"Compiling scutimer"
"Running Make libs in ps7_cortexa9_0/libsrc/scuwdt_v2_1/src"
make -C ps7_cortexa9_0/libsrc/scuwdt_v2_1/src -s libs  "SHELL=CMD" "COMPILER=arm-none-eabi-gcc" "ARCHIVER=arm-none-eabi-ar" "COMPILER_FLAGS=  -O2 -c" "EXTRA_COMPILER_FLAGS=-mcpu=cortex-a9 -mfpu=vfpv3 -mfloat-abi=hard -nostartfiles -Wall -Wextra"
"Compiling scuwdt"
"Running Make libs in ps7_cortexa9_0/libsrc/standalone_v6_3/src"
make -C ps7_cortexa9_0/libsrc/standalone_v6_3/src -s libs  "SHELL=CMD" "COMPILER=arm-none-eabi-gcc" "ARCHIVER=arm-none-eabi-ar" "COMPILER_FLAGS=  -O2 -c" "EXTRA_COMPILER_FLAGS=-mcpu=cortex-a9 -mfpu=vfpv3 -mfloat-abi=hard -nostartfiles -Wall -Wextra"
"Compiling standalone"
"Running Make libs in ps7_cortexa9_0/libsrc/uartps_v3_4/src"
make -C ps7_cortexa9_0/libsrc/uartps_v3_4/src -s libs  "SHELL=CMD" "COMPILER=arm-none-eabi-gcc" "ARCHIVER=arm-none-eabi-ar" "COMPILER_FLAGS=  -O2 -c" "EXTRA_COMPILER_FLAGS=-mcpu=cortex-a9 -mfpu=vfpv3 -mfloat-abi=hard -nostartfiles -Wall -Wextra"
"Compiling uartps"
"Running Make libs in ps7_cortexa9_0/libsrc/xadcps_v2_2/src"
make -C ps7_cortexa9_0/libsrc/xadcps_v2_2/src -s libs  "SHELL=CMD" "COMPILER=arm-none-eabi-gcc" "ARCHIVER=arm-none-eabi-ar" "COMPILER_FLAGS=  -O2 -c" "EXTRA_COMPILER_FLAGS=-mcpu=cortex-a9 -mfpu=vfpv3 -mfloat-abi=hard -nostartfiles -Wall -Wextra"
"Compiling xadcps"
'Finished building libraries'
13:57:37 **** Build of configuration Debug for project AxiLiteZynqBRAMDemo ****
make pre-build main-build 
a9-linaro-pre-build-step
' '
'Building file: ../src/helloworld.c'
'Invoking: ARM v7 gcc compiler'
arm-none-eabi-gcc -Wall -O0 -g3 -c -fmessage-length=0 -MT"src/helloworld.o" -mcpu=cortex-a9 -mfpu=vfpv3 -mfloat-abi=hard -I../../AxiLiteZynqBRAMDemo_bsp/ps7_cortexa9_0/include -MMD -MP -MF"src/helloworld.d" -MT"src/helloworld.o" -o "src/helloworld.o" "../src/helloworld.c"
'Finished building: ../src/helloworld.c'
' '
'Building file: ../src/platform.c'
'Invoking: ARM v7 gcc compiler'
arm-none-eabi-gcc -Wall -O0 -g3 -c -fmessage-length=0 -MT"src/platform.o" -mcpu=cortex-a9 -mfpu=vfpv3 -mfloat-abi=hard -I../../AxiLiteZynqBRAMDemo_bsp/ps7_cortexa9_0/include -MMD -MP -MF"src/platform.d" -MT"src/platform.o" -o "src/platform.o" "../src/platform.c"
'Finished building: ../src/platform.c'
' '
'Building target: AxiLiteZynqBRAMDemo.elf'
'Invoking: ARM v7 gcc linker'
arm-none-eabi-gcc -mcpu=cortex-a9 -mfpu=vfpv3 -mfloat-abi=hard -Wl,-build-id=none -specs=Xilinx.spec -Wl,-T -Wl,../src/lscript.ld -L../../AxiLiteZynqBRAMDemo_bsp/ps7_cortexa9_0/lib -o "AxiLiteZynqBRAMDemo.elf"  ./src/helloworld.o ./src/platform.o   -Wl,--start-group,-lxil,-lgcc,-lc,--end-group
'Finished building target: AxiLiteZynqBRAMDemo.elf'
' '
'Invoking: ARM v7 Print Size'
arm-none-eabi-size AxiLiteZynqBRAMDemo.elf  |tee "AxiLiteZynqBRAMDemo.elf.size"
   text	   data	    bss	    dec	    hex	filename
  19384	   1148	  22568	  43100	   a85c	AxiLiteZynqBRAMDemo.elf
'Finished building: AxiLiteZynqBRAMDemo.elf.size'
' '
13:57:39 **** Auto Build of configuration Debug for project AxiLiteZynqBRAMDemo ****
make pre-build main-build 
a9-linaro-pre-build-step
' '
make: Nothing to be done for `main-build'.
13:58:03 **** Auto Build of configuration Debug for project AxiLiteZynqBRAMDemo ****
make pre-build main-build 
a9-linaro-pre-build-step
' '
'Building file: ../src/helloworld.c'
'Invoking: ARM v7 gcc compiler'
arm-none-eabi-gcc -Wall -O0 -g3 -c -fmessage-length=0 -MT"src/helloworld.o" -mcpu=cortex-a9 -mfpu=vfpv3 -mfloat-abi=hard -I../../AxiLiteZynqBRAMDemo_bsp/ps7_cortexa9_0/include -MMD -MP -MF"src/helloworld.d" -MT"src/helloworld.o" -o "src/helloworld.o" "../src/helloworld.c"
../src/helloworld.c: In function 'main':
../src/helloworld.c:100:39: warning: format '%x' expects argument of type 'unsigned int', but argument 3 has type 'u32 {aka long unsigned int}' [-Wformat=]
   printf ("\nValue in address %u is :%x",i,BramData);
                                       ^
'Finished building: ../src/helloworld.c'
' '
'Building target: AxiLiteZynqBRAMDemo.elf'
'Invoking: ARM v7 gcc linker'
arm-none-eabi-gcc -mcpu=cortex-a9 -mfpu=vfpv3 -mfloat-abi=hard -Wl,-build-id=none -specs=Xilinx.spec -Wl,-T -Wl,../src/lscript.ld -L../../AxiLiteZynqBRAMDemo_bsp/ps7_cortexa9_0/lib -o "AxiLiteZynqBRAMDemo.elf"  ./src/helloworld.o ./src/platform.o   -Wl,--start-group,-lxil,-lgcc,-lc,--end-group
'Finished building target: AxiLiteZynqBRAMDemo.elf'
' '
'Invoking: ARM v7 Print Size'
arm-none-eabi-size AxiLiteZynqBRAMDemo.elf  |tee "AxiLiteZynqBRAMDemo.elf.size"
   text	   data	    bss	    dec	    hex	filename
  76140	   2580	  23328	 102048	  18ea0	AxiLiteZynqBRAMDemo.elf
'Finished building: AxiLiteZynqBRAMDemo.elf.size'
' '
13:58:14 **** Incremental Build of configuration Debug for project AxiLiteZynqBRAMDemo ****
make pre-build main-build 
a9-linaro-pre-build-step
' '
make: Nothing to be done for `main-build'.
13:58:56 **** Incremental Build of configuration Debug for project AxiLiteZynqBRAMDemo ****
make pre-build main-build 
a9-linaro-pre-build-step
' '
make: Nothing to be done for `main-build'.
14:02:03 **** Auto Build of configuration Debug for project AxiLiteZynqBRAMDemo ****
make pre-build main-build 
a9-linaro-pre-build-step
' '
'Building file: ../src/helloworld.c'
'Invoking: ARM v7 gcc compiler'
arm-none-eabi-gcc -Wall -O0 -g3 -c -fmessage-length=0 -MT"src/helloworld.o" -mcpu=cortex-a9 -mfpu=vfpv3 -mfloat-abi=hard -I../../AxiLiteZynqBRAMDemo_bsp/ps7_cortexa9_0/include -MMD -MP -MF"src/helloworld.d" -MT"src/helloworld.o" -o "src/helloworld.o" "../src/helloworld.c"
../src/helloworld.c: In function 'main':
../src/helloworld.c:100:23: warning: implicit declaration of function 'strtol' [-Wimplicit-function-declaration]
   long dec_BramData = strtol(BramData, NULL, 16);
                       ^~~~~~
../src/helloworld.c:101:39: warning: format '%d' expects argument of type 'int', but argument 3 has type 'long int' [-Wformat=]
   printf ("\nValue in address %u is :%d",i,dec_BramData);
                                       ^
'Finished building: ../src/helloworld.c'
' '
'Building target: AxiLiteZynqBRAMDemo.elf'
'Invoking: ARM v7 gcc linker'
arm-none-eabi-gcc -mcpu=cortex-a9 -mfpu=vfpv3 -mfloat-abi=hard -Wl,-build-id=none -specs=Xilinx.spec -Wl,-T -Wl,../src/lscript.ld -L../../AxiLiteZynqBRAMDemo_bsp/ps7_cortexa9_0/lib -o "AxiLiteZynqBRAMDemo.elf"  ./src/helloworld.o ./src/platform.o   -Wl,--start-group,-lxil,-lgcc,-lc,--end-group
'Finished building target: AxiLiteZynqBRAMDemo.elf'
' '
'Invoking: ARM v7 Print Size'
arm-none-eabi-size AxiLiteZynqBRAMDemo.elf  |tee "AxiLiteZynqBRAMDemo.elf.size"
   text	   data	    bss	    dec	    hex	filename
  76096	   2580	  23328	 102004	  18e74	AxiLiteZynqBRAMDemo.elf
'Finished building: AxiLiteZynqBRAMDemo.elf.size'
' '
14:02:09 **** Incremental Build of configuration Debug for project AxiLiteZynqBRAMDemo ****
make pre-build main-build 
a9-linaro-pre-build-step
' '
make: Nothing to be done for `main-build'.
14:02:27 **** Auto Build of configuration Debug for project AxiLiteZynqBRAMDemo ****
make pre-build main-build 
a9-linaro-pre-build-step
' '
'Building file: ../src/helloworld.c'
'Invoking: ARM v7 gcc compiler'
arm-none-eabi-gcc -Wall -O0 -g3 -c -fmessage-length=0 -MT"src/helloworld.o" -mcpu=cortex-a9 -mfpu=vfpv3 -mfloat-abi=hard -I../../AxiLiteZynqBRAMDemo_bsp/ps7_cortexa9_0/include -MMD -MP -MF"src/helloworld.d" -MT"src/helloworld.o" -o "src/helloworld.o" "../src/helloworld.c"
../src/helloworld.c: In function 'PrintMemory':
../src/helloworld.c:69:10: warning: 'return' with a value, in function returning void
   return 0;
          ^
../src/helloworld.c:60:7: note: declared here
  void PrintMemory(u32 startAddress)
       ^~~~~~~~~~~
../src/helloworld.c: In function 'main':
../src/helloworld.c:101:23: warning: implicit declaration of function 'strtol' [-Wimplicit-function-declaration]
   long dec_BramData = strtol(BramData, NULL, 16);
                       ^~~~~~
../src/helloworld.c:102:39: warning: format '%d' expects argument of type 'int', but argument 3 has type 'long int' [-Wformat=]
   printf ("\nValue in address %u is :%d",i,dec_BramData);
                                       ^
'Finished building: ../src/helloworld.c'
' '
'Building target: AxiLiteZynqBRAMDemo.elf'
'Invoking: ARM v7 gcc linker'
arm-none-eabi-gcc -mcpu=cortex-a9 -mfpu=vfpv3 -mfloat-abi=hard -Wl,-build-id=none -specs=Xilinx.spec -Wl,-T -Wl,../src/lscript.ld -L../../AxiLiteZynqBRAMDemo_bsp/ps7_cortexa9_0/lib -o "AxiLiteZynqBRAMDemo.elf"  ./src/helloworld.o ./src/platform.o   -Wl,--start-group,-lxil,-lgcc,-lc,--end-group
'Finished building target: AxiLiteZynqBRAMDemo.elf'
' '
'Invoking: ARM v7 Print Size'
arm-none-eabi-size AxiLiteZynqBRAMDemo.elf  |tee "AxiLiteZynqBRAMDemo.elf.size"
   text	   data	    bss	    dec	    hex	filename
  76096	   2580	  23328	 102004	  18e74	AxiLiteZynqBRAMDemo.elf
'Finished building: AxiLiteZynqBRAMDemo.elf.size'
' '
14:03:38 **** Auto Build of configuration Debug for project AxiLiteZynqBRAMDemo ****
make pre-build main-build 
a9-linaro-pre-build-step
' '
'Building file: ../src/helloworld.c'
'Invoking: ARM v7 gcc compiler'
arm-none-eabi-gcc -Wall -O0 -g3 -c -fmessage-length=0 -MT"src/helloworld.o" -mcpu=cortex-a9 -mfpu=vfpv3 -mfloat-abi=hard -I../../AxiLiteZynqBRAMDemo_bsp/ps7_cortexa9_0/include -MMD -MP -MF"src/helloworld.d" -MT"src/helloworld.o" -o "src/helloworld.o" "../src/helloworld.c"
../src/helloworld.c: In function 'PrintMemory':
../src/helloworld.c:69:10: warning: 'return' with a value, in function returning void
   return 0;
          ^
../src/helloworld.c:60:7: note: declared here
  void PrintMemory(u32 startAddress)
       ^~~~~~~~~~~
../src/helloworld.c: In function 'main':
../src/helloworld.c:101:39: warning: format '%d' expects argument of type 'int', but argument 3 has type 'u32 {aka long unsigned int}' [-Wformat=]
   printf ("\nValue in address %u is :%d",i,BramData);
                                       ^
'Finished building: ../src/helloworld.c'
' '
'Building target: AxiLiteZynqBRAMDemo.elf'
'Invoking: ARM v7 gcc linker'
arm-none-eabi-gcc -mcpu=cortex-a9 -mfpu=vfpv3 -mfloat-abi=hard -Wl,-build-id=none -specs=Xilinx.spec -Wl,-T -Wl,../src/lscript.ld -L../../AxiLiteZynqBRAMDemo_bsp/ps7_cortexa9_0/lib -o "AxiLiteZynqBRAMDemo.elf"  ./src/helloworld.o ./src/platform.o   -Wl,--start-group,-lxil,-lgcc,-lc,--end-group
'Finished building target: AxiLiteZynqBRAMDemo.elf'
' '
'Invoking: ARM v7 Print Size'
arm-none-eabi-size AxiLiteZynqBRAMDemo.elf  |tee "AxiLiteZynqBRAMDemo.elf.size"
   text	   data	    bss	    dec	    hex	filename
  76140	   2580	  23328	 102048	  18ea0	AxiLiteZynqBRAMDemo.elf
'Finished building: AxiLiteZynqBRAMDemo.elf.size'
' '
14:03:43 **** Incremental Build of configuration Debug for project AxiLiteZynqBRAMDemo ****
make pre-build main-build 
a9-linaro-pre-build-step
' '
make: Nothing to be done for `main-build'.
14:05:01 **** Incremental Build of configuration Debug for project AxiLiteZynqBRAMDemo ****
make pre-build main-build 
a9-linaro-pre-build-step
' '
make: Nothing to be done for `main-build'.
14:06:49 **** Auto Build of configuration Debug for project AxiLiteZynqBRAMDemo ****
make pre-build main-build 
a9-linaro-pre-build-step
' '
'Building file: ../src/helloworld.c'
'Invoking: ARM v7 gcc compiler'
arm-none-eabi-gcc -Wall -O0 -g3 -c -fmessage-length=0 -MT"src/helloworld.o" -mcpu=cortex-a9 -mfpu=vfpv3 -mfloat-abi=hard -I../../AxiLiteZynqBRAMDemo_bsp/ps7_cortexa9_0/include -MMD -MP -MF"src/helloworld.d" -MT"src/helloworld.o" -o "src/helloworld.o" "../src/helloworld.c"
../src/helloworld.c: In function 'PrintMemory':
../src/helloworld.c:69:10: warning: 'return' with a value, in function returning void
   return 0;
          ^
../src/helloworld.c:60:7: note: declared here
  void PrintMemory(u32 startAddress)
       ^~~~~~~~~~~
../src/helloworld.c: In function 'main':
../src/helloworld.c:101:39: warning: format '%d' expects argument of type 'int', but argument 3 has type 'u32 {aka long unsigned int}' [-Wformat=]
   printf ("\nValue in address %u is :%d",i,BramData);
                                       ^
'Finished building: ../src/helloworld.c'
' '
'Building target: AxiLiteZynqBRAMDemo.elf'
'Invoking: ARM v7 gcc linker'
arm-none-eabi-gcc -mcpu=cortex-a9 -mfpu=vfpv3 -mfloat-abi=hard -Wl,-build-id=none -specs=Xilinx.spec -Wl,-T -Wl,../src/lscript.ld -L../../AxiLiteZynqBRAMDemo_bsp/ps7_cortexa9_0/lib -o "AxiLiteZynqBRAMDemo.elf"  ./src/helloworld.o ./src/platform.o   -Wl,--start-group,-lxil,-lgcc,-lc,--end-group
'Finished building target: AxiLiteZynqBRAMDemo.elf'
' '
'Invoking: ARM v7 Print Size'
arm-none-eabi-size AxiLiteZynqBRAMDemo.elf  |tee "AxiLiteZynqBRAMDemo.elf.size"
   text	   data	    bss	    dec	    hex	filename
  76140	   2580	  23328	 102048	  18ea0	AxiLiteZynqBRAMDemo.elf
'Finished building: AxiLiteZynqBRAMDemo.elf.size'
' '
14:08:05 **** Auto Build of configuration Debug for project AxiLiteZynqBRAMDemo ****
make pre-build main-build 
a9-linaro-pre-build-step
' '
'Building file: ../src/helloworld.c'
'Invoking: ARM v7 gcc compiler'
arm-none-eabi-gcc -Wall -O0 -g3 -c -fmessage-length=0 -MT"src/helloworld.o" -mcpu=cortex-a9 -mfpu=vfpv3 -mfloat-abi=hard -I../../AxiLiteZynqBRAMDemo_bsp/ps7_cortexa9_0/include -MMD -MP -MF"src/helloworld.d" -MT"src/helloworld.o" -o "src/helloworld.o" "../src/helloworld.c"
../src/helloworld.c: In function 'main':
../src/helloworld.c:100:39: warning: format '%d' expects argument of type 'int', but argument 3 has type 'u32 {aka long unsigned int}' [-Wformat=]
   printf ("\nValue in address %u is :%d",i,BramData);
                                       ^
'Finished building: ../src/helloworld.c'
' '
'Building target: AxiLiteZynqBRAMDemo.elf'
'Invoking: ARM v7 gcc linker'
arm-none-eabi-gcc -mcpu=cortex-a9 -mfpu=vfpv3 -mfloat-abi=hard -Wl,-build-id=none -specs=Xilinx.spec -Wl,-T -Wl,../src/lscript.ld -L../../AxiLiteZynqBRAMDemo_bsp/ps7_cortexa9_0/lib -o "AxiLiteZynqBRAMDemo.elf"  ./src/helloworld.o ./src/platform.o   -Wl,--start-group,-lxil,-lgcc,-lc,--end-group
'Finished building target: AxiLiteZynqBRAMDemo.elf'
' '
'Invoking: ARM v7 Print Size'
arm-none-eabi-size AxiLiteZynqBRAMDemo.elf  |tee "AxiLiteZynqBRAMDemo.elf.size"
   text	   data	    bss	    dec	    hex	filename
  76140	   2580	  23328	 102048	  18ea0	AxiLiteZynqBRAMDemo.elf
'Finished building: AxiLiteZynqBRAMDemo.elf.size'
' '
14:08:30 **** Auto Build of configuration Debug for project AxiLiteZynqBRAMDemo ****
make pre-build main-build 
a9-linaro-pre-build-step
' '
'Building file: ../src/helloworld.c'
'Invoking: ARM v7 gcc compiler'
arm-none-eabi-gcc -Wall -O0 -g3 -c -fmessage-length=0 -MT"src/helloworld.o" -mcpu=cortex-a9 -mfpu=vfpv3 -mfloat-abi=hard -I../../AxiLiteZynqBRAMDemo_bsp/ps7_cortexa9_0/include -MMD -MP -MF"src/helloworld.d" -MT"src/helloworld.o" -o "src/helloworld.o" "../src/helloworld.c"
../src/helloworld.c: In function 'main':
../src/helloworld.c:100:39: warning: format '%x' expects argument of type 'unsigned int', but argument 3 has type 'u32 {aka long unsigned int}' [-Wformat=]
   printf ("\nValue in address %u is :%x",i,BramData);
                                       ^
'Finished building: ../src/helloworld.c'
' '
'Building target: AxiLiteZynqBRAMDemo.elf'
'Invoking: ARM v7 gcc linker'
arm-none-eabi-gcc -mcpu=cortex-a9 -mfpu=vfpv3 -mfloat-abi=hard -Wl,-build-id=none -specs=Xilinx.spec -Wl,-T -Wl,../src/lscript.ld -L../../AxiLiteZynqBRAMDemo_bsp/ps7_cortexa9_0/lib -o "AxiLiteZynqBRAMDemo.elf"  ./src/helloworld.o ./src/platform.o   -Wl,--start-group,-lxil,-lgcc,-lc,--end-group
'Finished building target: AxiLiteZynqBRAMDemo.elf'
' '
'Invoking: ARM v7 Print Size'
arm-none-eabi-size AxiLiteZynqBRAMDemo.elf  |tee "AxiLiteZynqBRAMDemo.elf.size"
   text	   data	    bss	    dec	    hex	filename
  76140	   2580	  23328	 102048	  18ea0	AxiLiteZynqBRAMDemo.elf
'Finished building: AxiLiteZynqBRAMDemo.elf.size'
' '
14:09:27 **** Auto Build of configuration Debug for project AxiLiteZynqBRAMDemo ****
make pre-build main-build 
a9-linaro-pre-build-step
' '
'Building file: ../src/helloworld.c'
'Invoking: ARM v7 gcc compiler'
arm-none-eabi-gcc -Wall -O0 -g3 -c -fmessage-length=0 -MT"src/helloworld.o" -mcpu=cortex-a9 -mfpu=vfpv3 -mfloat-abi=hard -I../../AxiLiteZynqBRAMDemo_bsp/ps7_cortexa9_0/include -MMD -MP -MF"src/helloworld.d" -MT"src/helloworld.o" -o "src/helloworld.o" "../src/helloworld.c"
'Finished building: ../src/helloworld.c'
' '
'Building target: AxiLiteZynqBRAMDemo.elf'
'Invoking: ARM v7 gcc linker'
arm-none-eabi-gcc -mcpu=cortex-a9 -mfpu=vfpv3 -mfloat-abi=hard -Wl,-build-id=none -specs=Xilinx.spec -Wl,-T -Wl,../src/lscript.ld -L../../AxiLiteZynqBRAMDemo_bsp/ps7_cortexa9_0/lib -o "AxiLiteZynqBRAMDemo.elf"  ./src/helloworld.o ./src/platform.o   -Wl,--start-group,-lxil,-lgcc,-lc,--end-group
'Finished building target: AxiLiteZynqBRAMDemo.elf'
' '
'Invoking: ARM v7 Print Size'
arm-none-eabi-size AxiLiteZynqBRAMDemo.elf  |tee "AxiLiteZynqBRAMDemo.elf.size"
   text	   data	    bss	    dec	    hex	filename
  76148	   2580	  23328	 102056	  18ea8	AxiLiteZynqBRAMDemo.elf
'Finished building: AxiLiteZynqBRAMDemo.elf.size'
' '
14:09:51 **** Auto Build of configuration Debug for project AxiLiteZynqBRAMDemo ****
make pre-build main-build 
a9-linaro-pre-build-step
' '
'Building file: ../src/helloworld.c'
'Invoking: ARM v7 gcc compiler'
arm-none-eabi-gcc -Wall -O0 -g3 -c -fmessage-length=0 -MT"src/helloworld.o" -mcpu=cortex-a9 -mfpu=vfpv3 -mfloat-abi=hard -I../../AxiLiteZynqBRAMDemo_bsp/ps7_cortexa9_0/include -MMD -MP -MF"src/helloworld.d" -MT"src/helloworld.o" -o "src/helloworld.o" "../src/helloworld.c"
../src/helloworld.c: In function 'main':
../src/helloworld.c:100:39: warning: format '%u' expects argument of type 'unsigned int', but argument 3 has type 'u32 {aka long unsigned int}' [-Wformat=]
   printf ("\nValue in address %u is :%ul",i,BramData);
                                       ^
'Finished building: ../src/helloworld.c'
' '
'Building target: AxiLiteZynqBRAMDemo.elf'
'Invoking: ARM v7 gcc linker'
arm-none-eabi-gcc -mcpu=cortex-a9 -mfpu=vfpv3 -mfloat-abi=hard -Wl,-build-id=none -specs=Xilinx.spec -Wl,-T -Wl,../src/lscript.ld -L../../AxiLiteZynqBRAMDemo_bsp/ps7_cortexa9_0/lib -o "AxiLiteZynqBRAMDemo.elf"  ./src/helloworld.o ./src/platform.o   -Wl,--start-group,-lxil,-lgcc,-lc,--end-group
'Finished building target: AxiLiteZynqBRAMDemo.elf'
' '
'Invoking: ARM v7 Print Size'
arm-none-eabi-size AxiLiteZynqBRAMDemo.elf  |tee "AxiLiteZynqBRAMDemo.elf.size"
   text	   data	    bss	    dec	    hex	filename
  76148	   2580	  23328	 102056	  18ea8	AxiLiteZynqBRAMDemo.elf
'Finished building: AxiLiteZynqBRAMDemo.elf.size'
' '
14:09:56 **** Auto Build of configuration Debug for project AxiLiteZynqBRAMDemo ****
make pre-build main-build 
a9-linaro-pre-build-step
' '
'Building file: ../src/helloworld.c'
'Invoking: ARM v7 gcc compiler'
arm-none-eabi-gcc -Wall -O0 -g3 -c -fmessage-length=0 -MT"src/helloworld.o" -mcpu=cortex-a9 -mfpu=vfpv3 -mfloat-abi=hard -I../../AxiLiteZynqBRAMDemo_bsp/ps7_cortexa9_0/include -MMD -MP -MF"src/helloworld.d" -MT"src/helloworld.o" -o "src/helloworld.o" "../src/helloworld.c"
'Finished building: ../src/helloworld.c'
' '
'Building target: AxiLiteZynqBRAMDemo.elf'
'Invoking: ARM v7 gcc linker'
arm-none-eabi-gcc -mcpu=cortex-a9 -mfpu=vfpv3 -mfloat-abi=hard -Wl,-build-id=none -specs=Xilinx.spec -Wl,-T -Wl,../src/lscript.ld -L../../AxiLiteZynqBRAMDemo_bsp/ps7_cortexa9_0/lib -o "AxiLiteZynqBRAMDemo.elf"  ./src/helloworld.o ./src/platform.o   -Wl,--start-group,-lxil,-lgcc,-lc,--end-group
'Finished building target: AxiLiteZynqBRAMDemo.elf'
' '
'Invoking: ARM v7 Print Size'
arm-none-eabi-size AxiLiteZynqBRAMDemo.elf  |tee "AxiLiteZynqBRAMDemo.elf.size"
   text	   data	    bss	    dec	    hex	filename
  76148	   2580	  23328	 102056	  18ea8	AxiLiteZynqBRAMDemo.elf
'Finished building: AxiLiteZynqBRAMDemo.elf.size'
' '
14:10:13 **** Incremental Build of configuration Debug for project AxiLiteZynqBRAMDemo ****
make pre-build main-build 
a9-linaro-pre-build-step
' '
make: Nothing to be done for `main-build'.
14:13:00 **** Auto Build of configuration Debug for project AxiLiteZynqBRAMDemo ****
make pre-build main-build 
a9-linaro-pre-build-step
' '
'Building file: ../src/helloworld.c'
'Invoking: ARM v7 gcc compiler'
arm-none-eabi-gcc -Wall -O0 -g3 -c -fmessage-length=0 -MT"src/helloworld.o" -mcpu=cortex-a9 -mfpu=vfpv3 -mfloat-abi=hard -I../../AxiLiteZynqBRAMDemo_bsp/ps7_cortexa9_0/include -MMD -MP -MF"src/helloworld.d" -MT"src/helloworld.o" -o "src/helloworld.o" "../src/helloworld.c"
../src/helloworld.c: In function 'main':
../src/helloworld.c:100:39: warning: format '%x' expects argument of type 'unsigned int', but argument 3 has type 'u32 {aka long unsigned int}' [-Wformat=]
   printf ("\nValue in address %u is :%x",i,BramData);
                                       ^
'Finished building: ../src/helloworld.c'
' '
'Building target: AxiLiteZynqBRAMDemo.elf'
'Invoking: ARM v7 gcc linker'
arm-none-eabi-gcc -mcpu=cortex-a9 -mfpu=vfpv3 -mfloat-abi=hard -Wl,-build-id=none -specs=Xilinx.spec -Wl,-T -Wl,../src/lscript.ld -L../../AxiLiteZynqBRAMDemo_bsp/ps7_cortexa9_0/lib -o "AxiLiteZynqBRAMDemo.elf"  ./src/helloworld.o ./src/platform.o   -Wl,--start-group,-lxil,-lgcc,-lc,--end-group
'Finished building target: AxiLiteZynqBRAMDemo.elf'
' '
'Invoking: ARM v7 Print Size'
arm-none-eabi-size AxiLiteZynqBRAMDemo.elf  |tee "AxiLiteZynqBRAMDemo.elf.size"
   text	   data	    bss	    dec	    hex	filename
  76140	   2580	  23328	 102048	  18ea0	AxiLiteZynqBRAMDemo.elf
'Finished building: AxiLiteZynqBRAMDemo.elf.size'
' '
14:13:13 **** Auto Build of configuration Debug for project AxiLiteZynqBRAMDemo ****
make pre-build main-build 
a9-linaro-pre-build-step
' '
'Building file: ../src/helloworld.c'
'Invoking: ARM v7 gcc compiler'
arm-none-eabi-gcc -Wall -O0 -g3 -c -fmessage-length=0 -MT"src/helloworld.o" -mcpu=cortex-a9 -mfpu=vfpv3 -mfloat-abi=hard -I../../AxiLiteZynqBRAMDemo_bsp/ps7_cortexa9_0/include -MMD -MP -MF"src/helloworld.d" -MT"src/helloworld.o" -o "src/helloworld.o" "../src/helloworld.c"
../src/helloworld.c: In function 'main':
../src/helloworld.c:100:39: warning: format '%x' expects argument of type 'unsigned int', but argument 3 has type 'u32 {aka long unsigned int}' [-Wformat=]
   printf ("\nValue in address %u is :%x",i,BramData);
                                       ^
'Finished building: ../src/helloworld.c'
' '
'Building target: AxiLiteZynqBRAMDemo.elf'
'Invoking: ARM v7 gcc linker'
arm-none-eabi-gcc -mcpu=cortex-a9 -mfpu=vfpv3 -mfloat-abi=hard -Wl,-build-id=none -specs=Xilinx.spec -Wl,-T -Wl,../src/lscript.ld -L../../AxiLiteZynqBRAMDemo_bsp/ps7_cortexa9_0/lib -o "AxiLiteZynqBRAMDemo.elf"  ./src/helloworld.o ./src/platform.o   -Wl,--start-group,-lxil,-lgcc,-lc,--end-group
'Finished building target: AxiLiteZynqBRAMDemo.elf'
' '
'Invoking: ARM v7 Print Size'
arm-none-eabi-size AxiLiteZynqBRAMDemo.elf  |tee "AxiLiteZynqBRAMDemo.elf.size"
   text	   data	    bss	    dec	    hex	filename
  76140	   2580	  23328	 102048	  18ea0	AxiLiteZynqBRAMDemo.elf
'Finished building: AxiLiteZynqBRAMDemo.elf.size'
' '
14:15:13 **** Auto Build of configuration Debug for project AxiLiteZynqBRAMDemo ****
make pre-build main-build 
a9-linaro-pre-build-step
' '
'Building file: ../src/helloworld.c'
'Invoking: ARM v7 gcc compiler'
arm-none-eabi-gcc -Wall -O0 -g3 -c -fmessage-length=0 -MT"src/helloworld.o" -mcpu=cortex-a9 -mfpu=vfpv3 -mfloat-abi=hard -I../../AxiLiteZynqBRAMDemo_bsp/ps7_cortexa9_0/include -MMD -MP -MF"src/helloworld.d" -MT"src/helloworld.o" -o "src/helloworld.o" "../src/helloworld.c"
../src/helloworld.c: In function 'main':
../src/helloworld.c:100:39: warning: format '%x' expects argument of type 'unsigned int', but argument 3 has type 'u32 {aka long unsigned int}' [-Wformat=]
   printf ("\nValue in address %u is :%x",i,BramData);
                                       ^
'Finished building: ../src/helloworld.c'
' '
'Building target: AxiLiteZynqBRAMDemo.elf'
'Invoking: ARM v7 gcc linker'
arm-none-eabi-gcc -mcpu=cortex-a9 -mfpu=vfpv3 -mfloat-abi=hard -Wl,-build-id=none -specs=Xilinx.spec -Wl,-T -Wl,../src/lscript.ld -L../../AxiLiteZynqBRAMDemo_bsp/ps7_cortexa9_0/lib -o "AxiLiteZynqBRAMDemo.elf"  ./src/helloworld.o ./src/platform.o   -Wl,--start-group,-lxil,-lgcc,-lc,--end-group
'Finished building target: AxiLiteZynqBRAMDemo.elf'
' '
'Invoking: ARM v7 Print Size'
arm-none-eabi-size AxiLiteZynqBRAMDemo.elf  |tee "AxiLiteZynqBRAMDemo.elf.size"
   text	   data	    bss	    dec	    hex	filename
  76148	   2580	  23328	 102056	  18ea8	AxiLiteZynqBRAMDemo.elf
'Finished building: AxiLiteZynqBRAMDemo.elf.size'
' '
14:15:39 **** Incremental Build of configuration Debug for project AxiLiteZynqBRAMDemo ****
make pre-build main-build 
a9-linaro-pre-build-step
' '
make: Nothing to be done for `main-build'.
14:16:21 **** Auto Build of configuration Debug for project AxiLiteZynqBRAMDemo ****
make pre-build main-build 
a9-linaro-pre-build-step
' '
'Building file: ../src/helloworld.c'
'Invoking: ARM v7 gcc compiler'
arm-none-eabi-gcc -Wall -O0 -g3 -c -fmessage-length=0 -MT"src/helloworld.o" -mcpu=cortex-a9 -mfpu=vfpv3 -mfloat-abi=hard -I../../AxiLiteZynqBRAMDemo_bsp/ps7_cortexa9_0/include -MMD -MP -MF"src/helloworld.d" -MT"src/helloworld.o" -o "src/helloworld.o" "../src/helloworld.c"
../src/helloworld.c: In function 'main':
../src/helloworld.c:100:39: warning: format '%x' expects argument of type 'unsigned int', but argument 3 has type 'u32 {aka long unsigned int}' [-Wformat=]
   printf ("\nValue in address %u is :%x",i,BramData);
                                       ^
'Finished building: ../src/helloworld.c'
' '
'Building target: AxiLiteZynqBRAMDemo.elf'
'Invoking: ARM v7 gcc linker'
arm-none-eabi-gcc -mcpu=cortex-a9 -mfpu=vfpv3 -mfloat-abi=hard -Wl,-build-id=none -specs=Xilinx.spec -Wl,-T -Wl,../src/lscript.ld -L../../AxiLiteZynqBRAMDemo_bsp/ps7_cortexa9_0/lib -o "AxiLiteZynqBRAMDemo.elf"  ./src/helloworld.o ./src/platform.o   -Wl,--start-group,-lxil,-lgcc,-lc,--end-group
'Finished building target: AxiLiteZynqBRAMDemo.elf'
' '
'Invoking: ARM v7 Print Size'
arm-none-eabi-size AxiLiteZynqBRAMDemo.elf  |tee "AxiLiteZynqBRAMDemo.elf.size"
   text	   data	    bss	    dec	    hex	filename
  76148	   2580	  23328	 102056	  18ea8	AxiLiteZynqBRAMDemo.elf
'Finished building: AxiLiteZynqBRAMDemo.elf.size'
' '
14:16:25 **** Incremental Build of configuration Debug for project AxiLiteZynqBRAMDemo ****
make pre-build main-build 
a9-linaro-pre-build-step
' '
make: Nothing to be done for `main-build'.
14:17:19 **** Incremental Build of configuration Debug for project AxiLiteZynqBRAMDemo ****
make pre-build main-build 
a9-linaro-pre-build-step
' '
make: Nothing to be done for `main-build'.
14:17:44 **** Auto Build of configuration Debug for project AxiLiteZynqBRAMDemo ****
make pre-build main-build 
a9-linaro-pre-build-step
' '
'Building file: ../src/helloworld.c'
'Invoking: ARM v7 gcc compiler'
arm-none-eabi-gcc -Wall -O0 -g3 -c -fmessage-length=0 -MT"src/helloworld.o" -mcpu=cortex-a9 -mfpu=vfpv3 -mfloat-abi=hard -I../../AxiLiteZynqBRAMDemo_bsp/ps7_cortexa9_0/include -MMD -MP -MF"src/helloworld.d" -MT"src/helloworld.o" -o "src/helloworld.o" "../src/helloworld.c"
../src/helloworld.c: In function 'main':
../src/helloworld.c:100:39: warning: format '%x' expects argument of type 'unsigned int', but argument 3 has type 'u32 {aka long unsigned int}' [-Wformat=]
   printf ("\nValue in address %u is :%x",i,BramData);
                                       ^
'Finished building: ../src/helloworld.c'
' '
'Building target: AxiLiteZynqBRAMDemo.elf'
'Invoking: ARM v7 gcc linker'
arm-none-eabi-gcc -mcpu=cortex-a9 -mfpu=vfpv3 -mfloat-abi=hard -Wl,-build-id=none -specs=Xilinx.spec -Wl,-T -Wl,../src/lscript.ld -L../../AxiLiteZynqBRAMDemo_bsp/ps7_cortexa9_0/lib -o "AxiLiteZynqBRAMDemo.elf"  ./src/helloworld.o ./src/platform.o   -Wl,--start-group,-lxil,-lgcc,-lc,--end-group
'Finished building target: AxiLiteZynqBRAMDemo.elf'
' '
'Invoking: ARM v7 Print Size'
arm-none-eabi-size AxiLiteZynqBRAMDemo.elf  |tee "AxiLiteZynqBRAMDemo.elf.size"
   text	   data	    bss	    dec	    hex	filename
  76148	   2580	  23328	 102056	  18ea8	AxiLiteZynqBRAMDemo.elf
'Finished building: AxiLiteZynqBRAMDemo.elf.size'
' '
14:19:02 **** Incremental Build of configuration Debug for project AxiLiteZynqBRAMDemo ****
make pre-build main-build 
a9-linaro-pre-build-step
' '
make: Nothing to be done for `main-build'.
14:19:37 **** Auto Build of configuration Debug for project AxiLiteZynqBRAMDemo ****
make pre-build main-build 
a9-linaro-pre-build-step
' '
'Building file: ../src/helloworld.c'
'Invoking: ARM v7 gcc compiler'
arm-none-eabi-gcc -Wall -O0 -g3 -c -fmessage-length=0 -MT"src/helloworld.o" -mcpu=cortex-a9 -mfpu=vfpv3 -mfloat-abi=hard -I../../AxiLiteZynqBRAMDemo_bsp/ps7_cortexa9_0/include -MMD -MP -MF"src/helloworld.d" -MT"src/helloworld.o" -o "src/helloworld.o" "../src/helloworld.c"
../src/helloworld.c: In function 'main':
../src/helloworld.c:100:39: warning: format '%x' expects argument of type 'unsigned int', but argument 3 has type 'u32 {aka long unsigned int}' [-Wformat=]
   printf ("\nValue in address %u is :%x",i,BramData);
                                       ^
'Finished building: ../src/helloworld.c'
' '
'Building target: AxiLiteZynqBRAMDemo.elf'
'Invoking: ARM v7 gcc linker'
arm-none-eabi-gcc -mcpu=cortex-a9 -mfpu=vfpv3 -mfloat-abi=hard -Wl,-build-id=none -specs=Xilinx.spec -Wl,-T -Wl,../src/lscript.ld -L../../AxiLiteZynqBRAMDemo_bsp/ps7_cortexa9_0/lib -o "AxiLiteZynqBRAMDemo.elf"  ./src/helloworld.o ./src/platform.o   -Wl,--start-group,-lxil,-lgcc,-lc,--end-group
'Finished building target: AxiLiteZynqBRAMDemo.elf'
' '
'Invoking: ARM v7 Print Size'
arm-none-eabi-size AxiLiteZynqBRAMDemo.elf  |tee "AxiLiteZynqBRAMDemo.elf.size"
   text	   data	    bss	    dec	    hex	filename
  76148	   2580	  23328	 102056	  18ea8	AxiLiteZynqBRAMDemo.elf
'Finished building: AxiLiteZynqBRAMDemo.elf.size'
' '
14:19:53 **** Auto Build of configuration Debug for project AxiLiteZynqBRAMDemo ****
make pre-build main-build 
a9-linaro-pre-build-step
' '
'Building file: ../src/helloworld.c'
'Invoking: ARM v7 gcc compiler'
arm-none-eabi-gcc -Wall -O0 -g3 -c -fmessage-length=0 -MT"src/helloworld.o" -mcpu=cortex-a9 -mfpu=vfpv3 -mfloat-abi=hard -I../../AxiLiteZynqBRAMDemo_bsp/ps7_cortexa9_0/include -MMD -MP -MF"src/helloworld.d" -MT"src/helloworld.o" -o "src/helloworld.o" "../src/helloworld.c"
../src/helloworld.c: In function 'main':
../src/helloworld.c:76:7: warning: unused variable 'BramData' [-Wunused-variable]
  u32  BramData;
       ^~~~~~~~
../src/helloworld.c:75:5: warning: unused variable 'data' [-Wunused-variable]
  u8 data;
     ^~~~
../src/helloworld.c:74:16: warning: unused variable 'ReadPointer' [-Wunused-variable]
  volatile u32 *ReadPointer = (u32*)AXI_READ_ADDRESS; // Points to address AXI_READ_ADDRESS
                ^~~~~~~~~~~
../src/helloworld.c:73:16: warning: unused variable 'WritePointer' [-Wunused-variable]
  volatile u32 *WritePointer = (u32*)AXI_BASE_ADDRESS; // Points to address AXI_WRITE_ADDRESS
                ^~~~~~~~~~~~
'Finished building: ../src/helloworld.c'
' '
'Building target: AxiLiteZynqBRAMDemo.elf'
'Invoking: ARM v7 gcc linker'
arm-none-eabi-gcc -mcpu=cortex-a9 -mfpu=vfpv3 -mfloat-abi=hard -Wl,-build-id=none -specs=Xilinx.spec -Wl,-T -Wl,../src/lscript.ld -L../../AxiLiteZynqBRAMDemo_bsp/ps7_cortexa9_0/lib -o "AxiLiteZynqBRAMDemo.elf"  ./src/helloworld.o ./src/platform.o   -Wl,--start-group,-lxil,-lgcc,-lc,--end-group
'Finished building target: AxiLiteZynqBRAMDemo.elf'
' '
'Invoking: ARM v7 Print Size'
arm-none-eabi-size AxiLiteZynqBRAMDemo.elf  |tee "AxiLiteZynqBRAMDemo.elf.size"
   text	   data	    bss	    dec	    hex	filename
  75868	   2580	  23328	 101776	  18d90	AxiLiteZynqBRAMDemo.elf
'Finished building: AxiLiteZynqBRAMDemo.elf.size'
' '
14:20:48 **** Incremental Build of configuration Debug for project AxiLiteZynqBRAMDemo ****
make pre-build main-build 
a9-linaro-pre-build-step
' '
make: Nothing to be done for `main-build'.
14:21:23 **** Auto Build of configuration Debug for project AxiLiteZynqBRAMDemo ****
make pre-build main-build 
a9-linaro-pre-build-step
' '
'Building file: ../src/helloworld.c'
'Invoking: ARM v7 gcc compiler'
arm-none-eabi-gcc -Wall -O0 -g3 -c -fmessage-length=0 -MT"src/helloworld.o" -mcpu=cortex-a9 -mfpu=vfpv3 -mfloat-abi=hard -I../../AxiLiteZynqBRAMDemo_bsp/ps7_cortexa9_0/include -MMD -MP -MF"src/helloworld.d" -MT"src/helloworld.o" -o "src/helloworld.o" "../src/helloworld.c"
../src/helloworld.c: In function 'main':
../src/helloworld.c:77:7: warning: unused variable 'BramData' [-Wunused-variable]
  u32  BramData;
       ^~~~~~~~
../src/helloworld.c:76:5: warning: unused variable 'data' [-Wunused-variable]
  u8 data;
     ^~~~
../src/helloworld.c:75:16: warning: unused variable 'ReadPointer' [-Wunused-variable]
  volatile u32 *ReadPointer = (u32*)AXI_READ_ADDRESS; // Points to address AXI_READ_ADDRESS
                ^~~~~~~~~~~
../src/helloworld.c:74:16: warning: unused variable 'WritePointer' [-Wunused-variable]
  volatile u32 *WritePointer = (u32*)AXI_BASE_ADDRESS; // Points to address AXI_WRITE_ADDRESS
                ^~~~~~~~~~~~
'Finished building: ../src/helloworld.c'
' '
'Building target: AxiLiteZynqBRAMDemo.elf'
'Invoking: ARM v7 gcc linker'
arm-none-eabi-gcc -mcpu=cortex-a9 -mfpu=vfpv3 -mfloat-abi=hard -Wl,-build-id=none -specs=Xilinx.spec -Wl,-T -Wl,../src/lscript.ld -L../../AxiLiteZynqBRAMDemo_bsp/ps7_cortexa9_0/lib -o "AxiLiteZynqBRAMDemo.elf"  ./src/helloworld.o ./src/platform.o   -Wl,--start-group,-lxil,-lgcc,-lc,--end-group
'Finished building target: AxiLiteZynqBRAMDemo.elf'
' '
'Invoking: ARM v7 Print Size'
arm-none-eabi-size AxiLiteZynqBRAMDemo.elf  |tee "AxiLiteZynqBRAMDemo.elf.size"
   text	   data	    bss	    dec	    hex	filename
  75868	   2580	  23328	 101776	  18d90	AxiLiteZynqBRAMDemo.elf
'Finished building: AxiLiteZynqBRAMDemo.elf.size'
' '
14:21:29 **** Auto Build of configuration Debug for project AxiLiteZynqBRAMDemo ****
make pre-build main-build 
a9-linaro-pre-build-step
' '
'Building file: ../src/helloworld.c'
'Invoking: ARM v7 gcc compiler'
arm-none-eabi-gcc -Wall -O0 -g3 -c -fmessage-length=0 -MT"src/helloworld.o" -mcpu=cortex-a9 -mfpu=vfpv3 -mfloat-abi=hard -I../../AxiLiteZynqBRAMDemo_bsp/ps7_cortexa9_0/include -MMD -MP -MF"src/helloworld.d" -MT"src/helloworld.o" -o "src/helloworld.o" "../src/helloworld.c"
../src/helloworld.c: In function 'main':
../src/helloworld.c:77:7: warning: unused variable 'BramData' [-Wunused-variable]
  u32  BramData;
       ^~~~~~~~
../src/helloworld.c:76:5: warning: unused variable 'data' [-Wunused-variable]
  u8 data;
     ^~~~
../src/helloworld.c:75:16: warning: unused variable 'ReadPointer' [-Wunused-variable]
  volatile u32 *ReadPointer = (u32*)AXI_READ_ADDRESS; // Points to address AXI_READ_ADDRESS
                ^~~~~~~~~~~
../src/helloworld.c:74:16: warning: unused variable 'WritePointer' [-Wunused-variable]
  volatile u32 *WritePointer = (u32*)AXI_BASE_ADDRESS; // Points to address AXI_WRITE_ADDRESS
                ^~~~~~~~~~~~
'Finished building: ../src/helloworld.c'
' '
'Building target: AxiLiteZynqBRAMDemo.elf'
'Invoking: ARM v7 gcc linker'
arm-none-eabi-gcc -mcpu=cortex-a9 -mfpu=vfpv3 -mfloat-abi=hard -Wl,-build-id=none -specs=Xilinx.spec -Wl,-T -Wl,../src/lscript.ld -L../../AxiLiteZynqBRAMDemo_bsp/ps7_cortexa9_0/lib -o "AxiLiteZynqBRAMDemo.elf"  ./src/helloworld.o ./src/platform.o   -Wl,--start-group,-lxil,-lgcc,-lc,--end-group
'Finished building target: AxiLiteZynqBRAMDemo.elf'
' '
'Invoking: ARM v7 Print Size'
arm-none-eabi-size AxiLiteZynqBRAMDemo.elf  |tee "AxiLiteZynqBRAMDemo.elf.size"
   text	   data	    bss	    dec	    hex	filename
  75876	   2580	  23328	 101784	  18d98	AxiLiteZynqBRAMDemo.elf
'Finished building: AxiLiteZynqBRAMDemo.elf.size'
' '
14:22:04 **** Incremental Build of configuration Debug for project AxiLiteZynqBRAMDemo ****
make pre-build main-build 
a9-linaro-pre-build-step
' '
make: Nothing to be done for `main-build'.
14:22:07 **** Incremental Build of configuration Debug for project AxiLiteZynqBRAMDemo ****
make pre-build main-build 
a9-linaro-pre-build-step
' '
make: Nothing to be done for `main-build'.
14:22:32 **** Incremental Build of configuration Debug for project AxiLiteZynqBRAMDemo ****
make pre-build main-build 
a9-linaro-pre-build-step
' '
make: Nothing to be done for `main-build'.
14:22:40 **** Auto Build of configuration Debug for project AxiLiteZynqBRAMDemo ****
make pre-build main-build 
a9-linaro-pre-build-step
' '
'Building file: ../src/helloworld.c'
'Invoking: ARM v7 gcc compiler'
arm-none-eabi-gcc -Wall -O0 -g3 -c -fmessage-length=0 -MT"src/helloworld.o" -mcpu=cortex-a9 -mfpu=vfpv3 -mfloat-abi=hard -I../../AxiLiteZynqBRAMDemo_bsp/ps7_cortexa9_0/include -MMD -MP -MF"src/helloworld.d" -MT"src/helloworld.o" -o "src/helloworld.o" "../src/helloworld.c"
../src/helloworld.c: In function 'main':
../src/helloworld.c:76:7: warning: unused variable 'BramData' [-Wunused-variable]
  u32  BramData;
       ^~~~~~~~
../src/helloworld.c:75:5: warning: unused variable 'data' [-Wunused-variable]
  u8 data;
     ^~~~
../src/helloworld.c:74:16: warning: unused variable 'ReadPointer' [-Wunused-variable]
  volatile u32 *ReadPointer = (u32*)AXI_READ_ADDRESS; // Points to address AXI_READ_ADDRESS
                ^~~~~~~~~~~
../src/helloworld.c:73:16: warning: unused variable 'WritePointer' [-Wunused-variable]
  volatile u32 *WritePointer = (u32*)AXI_BASE_ADDRESS; // Points to address AXI_WRITE_ADDRESS
                ^~~~~~~~~~~~
'Finished building: ../src/helloworld.c'
' '
'Building target: AxiLiteZynqBRAMDemo.elf'
'Invoking: ARM v7 gcc linker'
arm-none-eabi-gcc -mcpu=cortex-a9 -mfpu=vfpv3 -mfloat-abi=hard -Wl,-build-id=none -specs=Xilinx.spec -Wl,-T -Wl,../src/lscript.ld -L../../AxiLiteZynqBRAMDemo_bsp/ps7_cortexa9_0/lib -o "AxiLiteZynqBRAMDemo.elf"  ./src/helloworld.o ./src/platform.o   -Wl,--start-group,-lxil,-lgcc,-lc,--end-group
'Finished building target: AxiLiteZynqBRAMDemo.elf'
' '
'Invoking: ARM v7 Print Size'
arm-none-eabi-size AxiLiteZynqBRAMDemo.elf  |tee "AxiLiteZynqBRAMDemo.elf.size"
   text	   data	    bss	    dec	    hex	filename
  75868	   2580	  23328	 101776	  18d90	AxiLiteZynqBRAMDemo.elf
'Finished building: AxiLiteZynqBRAMDemo.elf.size'
' '
14:22:44 **** Incremental Build of configuration Debug for project AxiLiteZynqBRAMDemo ****
make pre-build main-build 
a9-linaro-pre-build-step
' '
make: Nothing to be done for `main-build'.
15:03:04 **** Auto Build of configuration Debug for project AxiLiteZynqBRAMDemo ****
make pre-build main-build 
a9-linaro-pre-build-step
' '
'Building file: ../src/helloworld.c'
'Invoking: ARM v7 gcc compiler'
arm-none-eabi-gcc -Wall -O0 -g3 -c -fmessage-length=0 -MT"src/helloworld.o" -mcpu=cortex-a9 -mfpu=vfpv3 -mfloat-abi=hard -I../../AxiLiteZynqBRAMDemo_bsp/ps7_cortexa9_0/include -MMD -MP -MF"src/helloworld.d" -MT"src/helloworld.o" -o "src/helloworld.o" "../src/helloworld.c"
../src/helloworld.c: In function 'main':
../src/helloworld.c:76:7: warning: unused variable 'BramData' [-Wunused-variable]
  u32  BramData;
       ^~~~~~~~
../src/helloworld.c:75:5: warning: unused variable 'data' [-Wunused-variable]
  u8 data;
     ^~~~
../src/helloworld.c:74:16: warning: unused variable 'ReadPointer' [-Wunused-variable]
  volatile u32 *ReadPointer = (u32*)AXI_READ_ADDRESS; // Points to address AXI_READ_ADDRESS
                ^~~~~~~~~~~
../src/helloworld.c:73:16: warning: unused variable 'WritePointer' [-Wunused-variable]
  volatile u32 *WritePointer = (u32*)AXI_BASE_ADDRESS; // Points to address AXI_WRITE_ADDRESS
                ^~~~~~~~~~~~
'Finished building: ../src/helloworld.c'
' '
'Building target: AxiLiteZynqBRAMDemo.elf'
'Invoking: ARM v7 gcc linker'
arm-none-eabi-gcc -mcpu=cortex-a9 -mfpu=vfpv3 -mfloat-abi=hard -Wl,-build-id=none -specs=Xilinx.spec -Wl,-T -Wl,../src/lscript.ld -L../../AxiLiteZynqBRAMDemo_bsp/ps7_cortexa9_0/lib -o "AxiLiteZynqBRAMDemo.elf"  ./src/helloworld.o ./src/platform.o   -Wl,--start-group,-lxil,-lgcc,-lc,--end-group
'Finished building target: AxiLiteZynqBRAMDemo.elf'
' '
'Invoking: ARM v7 Print Size'
arm-none-eabi-size AxiLiteZynqBRAMDemo.elf  |tee "AxiLiteZynqBRAMDemo.elf.size"
   text	   data	    bss	    dec	    hex	filename
  75868	   2580	  23328	 101776	  18d90	AxiLiteZynqBRAMDemo.elf
'Finished building: AxiLiteZynqBRAMDemo.elf.size'
' '
15:03:09 **** Incremental Build of configuration Debug for project AxiLiteZynqBRAMDemo ****
make pre-build main-build 
a9-linaro-pre-build-step
' '
make: Nothing to be done for `main-build'.
15:03:30 **** Auto Build of configuration Debug for project AxiLiteZynqBRAMDemo ****
make pre-build main-build 
a9-linaro-pre-build-step
' '
'Building file: ../src/helloworld.c'
'Invoking: ARM v7 gcc compiler'
arm-none-eabi-gcc -Wall -O0 -g3 -c -fmessage-length=0 -MT"src/helloworld.o" -mcpu=cortex-a9 -mfpu=vfpv3 -mfloat-abi=hard -I../../AxiLiteZynqBRAMDemo_bsp/ps7_cortexa9_0/include -MMD -MP -MF"src/helloworld.d" -MT"src/helloworld.o" -o "src/helloworld.o" "../src/helloworld.c"
../src/helloworld.c: In function 'main':
../src/helloworld.c:76:7: warning: unused variable 'BramData' [-Wunused-variable]
  u32  BramData;
       ^~~~~~~~
../src/helloworld.c:75:5: warning: unused variable 'data' [-Wunused-variable]
  u8 data;
     ^~~~
../src/helloworld.c:74:16: warning: unused variable 'ReadPointer' [-Wunused-variable]
  volatile u32 *ReadPointer = (u32*)AXI_READ_ADDRESS; // Points to address AXI_READ_ADDRESS
                ^~~~~~~~~~~
../src/helloworld.c:73:16: warning: unused variable 'WritePointer' [-Wunused-variable]
  volatile u32 *WritePointer = (u32*)AXI_BASE_ADDRESS; // Points to address AXI_WRITE_ADDRESS
                ^~~~~~~~~~~~
'Finished building: ../src/helloworld.c'
' '
'Building target: AxiLiteZynqBRAMDemo.elf'
'Invoking: ARM v7 gcc linker'
arm-none-eabi-gcc -mcpu=cortex-a9 -mfpu=vfpv3 -mfloat-abi=hard -Wl,-build-id=none -specs=Xilinx.spec -Wl,-T -Wl,../src/lscript.ld -L../../AxiLiteZynqBRAMDemo_bsp/ps7_cortexa9_0/lib -o "AxiLiteZynqBRAMDemo.elf"  ./src/helloworld.o ./src/platform.o   -Wl,--start-group,-lxil,-lgcc,-lc,--end-group
'Finished building target: AxiLiteZynqBRAMDemo.elf'
' '
'Invoking: ARM v7 Print Size'
arm-none-eabi-size AxiLiteZynqBRAMDemo.elf  |tee "AxiLiteZynqBRAMDemo.elf.size"
   text	   data	    bss	    dec	    hex	filename
  75868	   2580	  23328	 101776	  18d90	AxiLiteZynqBRAMDemo.elf
'Finished building: AxiLiteZynqBRAMDemo.elf.size'
' '
15:04:04 **** Auto Build of configuration Debug for project AxiLiteZynqBRAMDemo ****
make pre-build main-build 
a9-linaro-pre-build-step
' '
'Building file: ../src/helloworld.c'
'Invoking: ARM v7 gcc compiler'
arm-none-eabi-gcc -Wall -O0 -g3 -c -fmessage-length=0 -MT"src/helloworld.o" -mcpu=cortex-a9 -mfpu=vfpv3 -mfloat-abi=hard -I../../AxiLiteZynqBRAMDemo_bsp/ps7_cortexa9_0/include -MMD -MP -MF"src/helloworld.d" -MT"src/helloworld.o" -o "src/helloworld.o" "../src/helloworld.c"
../src/helloworld.c: In function 'main':
../src/helloworld.c:102:39: warning: format '%x' expects argument of type 'unsigned int', but argument 3 has type 'u32 {aka long unsigned int}' [-Wformat=]
   printf ("\nValue in address %u is :%x",i,BramData);
                                       ^
../src/helloworld.c:75:5: warning: variable 'data' set but not used [-Wunused-but-set-variable]
  u8 data;
     ^~~~
'Finished building: ../src/helloworld.c'
' '
'Building target: AxiLiteZynqBRAMDemo.elf'
'Invoking: ARM v7 gcc linker'
arm-none-eabi-gcc -mcpu=cortex-a9 -mfpu=vfpv3 -mfloat-abi=hard -Wl,-build-id=none -specs=Xilinx.spec -Wl,-T -Wl,../src/lscript.ld -L../../AxiLiteZynqBRAMDemo_bsp/ps7_cortexa9_0/lib -o "AxiLiteZynqBRAMDemo.elf"  ./src/helloworld.o ./src/platform.o   -Wl,--start-group,-lxil,-lgcc,-lc,--end-group
'Finished building target: AxiLiteZynqBRAMDemo.elf'
' '
'Invoking: ARM v7 Print Size'
arm-none-eabi-size AxiLiteZynqBRAMDemo.elf  |tee "AxiLiteZynqBRAMDemo.elf.size"
   text	   data	    bss	    dec	    hex	filename
  76084	   2580	  23328	 101992	  18e68	AxiLiteZynqBRAMDemo.elf
'Finished building: AxiLiteZynqBRAMDemo.elf.size'
' '
15:04:10 **** Auto Build of configuration Debug for project AxiLiteZynqBRAMDemo ****
make pre-build main-build 
a9-linaro-pre-build-step
' '
'Building file: ../src/helloworld.c'
'Invoking: ARM v7 gcc compiler'
arm-none-eabi-gcc -Wall -O0 -g3 -c -fmessage-length=0 -MT"src/helloworld.o" -mcpu=cortex-a9 -mfpu=vfpv3 -mfloat-abi=hard -I../../AxiLiteZynqBRAMDemo_bsp/ps7_cortexa9_0/include -MMD -MP -MF"src/helloworld.d" -MT"src/helloworld.o" -o "src/helloworld.o" "../src/helloworld.c"
../src/helloworld.c: In function 'main':
../src/helloworld.c:102:39: warning: format '%x' expects argument of type 'unsigned int', but argument 3 has type 'u32 {aka long unsigned int}' [-Wformat=]
   printf ("\nValue in address %u is :%x",i,BramData);
                                       ^
../src/helloworld.c:75:5: warning: variable 'data' set but not used [-Wunused-but-set-variable]
  u8 data;
     ^~~~
'Finished building: ../src/helloworld.c'
' '
'Building target: AxiLiteZynqBRAMDemo.elf'
'Invoking: ARM v7 gcc linker'
arm-none-eabi-gcc -mcpu=cortex-a9 -mfpu=vfpv3 -mfloat-abi=hard -Wl,-build-id=none -specs=Xilinx.spec -Wl,-T -Wl,../src/lscript.ld -L../../AxiLiteZynqBRAMDemo_bsp/ps7_cortexa9_0/lib -o "AxiLiteZynqBRAMDemo.elf"  ./src/helloworld.o ./src/platform.o   -Wl,--start-group,-lxil,-lgcc,-lc,--end-group
'Finished building target: AxiLiteZynqBRAMDemo.elf'
' '
'Invoking: ARM v7 Print Size'
arm-none-eabi-size AxiLiteZynqBRAMDemo.elf  |tee "AxiLiteZynqBRAMDemo.elf.size"
   text	   data	    bss	    dec	    hex	filename
  76084	   2580	  23328	 101992	  18e68	AxiLiteZynqBRAMDemo.elf
'Finished building: AxiLiteZynqBRAMDemo.elf.size'
' '
15:04:19 **** Incremental Build of configuration Debug for project AxiLiteZynqBRAMDemo ****
make pre-build main-build 
a9-linaro-pre-build-step
' '
make: Nothing to be done for `main-build'.
15:06:32 **** Auto Build of configuration Debug for project AxiLiteZynqBRAMDemo ****
make pre-build main-build 
a9-linaro-pre-build-step
' '
'Building file: ../src/helloworld.c'
'Invoking: ARM v7 gcc compiler'
arm-none-eabi-gcc -Wall -O0 -g3 -c -fmessage-length=0 -MT"src/helloworld.o" -mcpu=cortex-a9 -mfpu=vfpv3 -mfloat-abi=hard -I../../AxiLiteZynqBRAMDemo_bsp/ps7_cortexa9_0/include -MMD -MP -MF"src/helloworld.d" -MT"src/helloworld.o" -o "src/helloworld.o" "../src/helloworld.c"
../src/helloworld.c: In function 'main':
../src/helloworld.c:108:1: error: expected declaration or statement at end of input
 }
 ^
../src/helloworld.c:76:7: warning: unused variable 'BramData' [-Wunused-variable]
  u32  BramData;
       ^~~~~~~~
../src/helloworld.c:75:5: warning: variable 'data' set but not used [-Wunused-but-set-variable]
  u8 data;
     ^~~~
../src/helloworld.c:74:16: warning: unused variable 'ReadPointer' [-Wunused-variable]
  volatile u32 *ReadPointer = (u32*)AXI_READ_ADDRESS; // Points to address AXI_READ_ADDRESS
                ^~~~~~~~~~~
../src/helloworld.c:73:16: warning: unused variable 'WritePointer' [-Wunused-variable]
  volatile u32 *WritePointer = (u32*)AXI_BASE_ADDRESS; // Points to address AXI_WRITE_ADDRESS
                ^~~~~~~~~~~~
make: *** [src/helloworld.o] Error 1
15:06:38 **** Auto Build of configuration Debug for project AxiLiteZynqBRAMDemo ****
make pre-build main-build 
a9-linaro-pre-build-step
' '
'Building file: ../src/helloworld.c'
'Invoking: ARM v7 gcc compiler'
arm-none-eabi-gcc -Wall -O0 -g3 -c -fmessage-length=0 -MT"src/helloworld.o" -mcpu=cortex-a9 -mfpu=vfpv3 -mfloat-abi=hard -I../../AxiLiteZynqBRAMDemo_bsp/ps7_cortexa9_0/include -MMD -MP -MF"src/helloworld.d" -MT"src/helloworld.o" -o "src/helloworld.o" "../src/helloworld.c"
../src/helloworld.c: In function 'main':
../src/helloworld.c:76:7: warning: unused variable 'BramData' [-Wunused-variable]
  u32  BramData;
       ^~~~~~~~
../src/helloworld.c:75:5: warning: unused variable 'data' [-Wunused-variable]
  u8 data;
     ^~~~
../src/helloworld.c:74:16: warning: unused variable 'ReadPointer' [-Wunused-variable]
  volatile u32 *ReadPointer = (u32*)AXI_READ_ADDRESS; // Points to address AXI_READ_ADDRESS
                ^~~~~~~~~~~
../src/helloworld.c:73:16: warning: unused variable 'WritePointer' [-Wunused-variable]
  volatile u32 *WritePointer = (u32*)AXI_BASE_ADDRESS; // Points to address AXI_WRITE_ADDRESS
                ^~~~~~~~~~~~
'Finished building: ../src/helloworld.c'
' '
'Building target: AxiLiteZynqBRAMDemo.elf'
'Invoking: ARM v7 gcc linker'
arm-none-eabi-gcc -mcpu=cortex-a9 -mfpu=vfpv3 -mfloat-abi=hard -Wl,-build-id=none -specs=Xilinx.spec -Wl,-T -Wl,../src/lscript.ld -L../../AxiLiteZynqBRAMDemo_bsp/ps7_cortexa9_0/lib -o "AxiLiteZynqBRAMDemo.elf"  ./src/helloworld.o ./src/platform.o   -Wl,--start-group,-lxil,-lgcc,-lc,--end-group
'Finished building target: AxiLiteZynqBRAMDemo.elf'
' '
'Invoking: ARM v7 Print Size'
arm-none-eabi-size AxiLiteZynqBRAMDemo.elf  |tee "AxiLiteZynqBRAMDemo.elf.size"
   text	   data	    bss	    dec	    hex	filename
  75804	   2580	  23328	 101712	  18d50	AxiLiteZynqBRAMDemo.elf
'Finished building: AxiLiteZynqBRAMDemo.elf.size'
' '
11:31:12 **** Auto Build of configuration Debug for project AxiLiteZynqBRAMDemo ****
make pre-build main-build 
a9-linaro-pre-build-step
' '
'Building file: ../src/helloworld.c'
'Invoking: ARM v7 gcc compiler'
arm-none-eabi-gcc -Wall -O0 -g3 -c -fmessage-length=0 -MT"src/helloworld.o" -mcpu=cortex-a9 -mfpu=vfpv3 -mfloat-abi=hard -I../../AxiLiteZynqBRAMDemo_bsp/ps7_cortexa9_0/include -MMD -MP -MF"src/helloworld.d" -MT"src/helloworld.o" -o "src/helloworld.o" "../src/helloworld.c"
../src/helloworld.c: In function 'main':
../src/helloworld.c:100:39: warning: format '%x' expects argument of type 'unsigned int', but argument 3 has type 'u32 {aka long unsigned int}' [-Wformat=]
   printf ("\nValue in address %u is :%x",i,BramData);
                                       ^
'Finished building: ../src/helloworld.c'
' '
'Building target: AxiLiteZynqBRAMDemo.elf'
'Invoking: ARM v7 gcc linker'
arm-none-eabi-gcc -mcpu=cortex-a9 -mfpu=vfpv3 -mfloat-abi=hard -Wl,-build-id=none -specs=Xilinx.spec -Wl,-T -Wl,../src/lscript.ld -L../../AxiLiteZynqBRAMDemo_bsp/ps7_cortexa9_0/lib -o "AxiLiteZynqBRAMDemo.elf"  ./src/helloworld.o ./src/platform.o   -Wl,--start-group,-lxil,-lgcc,-lc,--end-group
'Finished building target: AxiLiteZynqBRAMDemo.elf'
' '
'Invoking: ARM v7 Print Size'
arm-none-eabi-size AxiLiteZynqBRAMDemo.elf  |tee "AxiLiteZynqBRAMDemo.elf.size"
   text	   data	    bss	    dec	    hex	filename
  76140	   2580	  23328	 102048	  18ea0	AxiLiteZynqBRAMDemo.elf
'Finished building: AxiLiteZynqBRAMDemo.elf.size'
' '
11:31:22 **** Incremental Build of configuration Debug for project AxiLiteZynqBRAMDemo ****
make pre-build main-build 
a9-linaro-pre-build-step
' '
make: Nothing to be done for `main-build'.
11:33:14 **** Auto Build of configuration Debug for project AxiLiteZynqBRAMDemo ****
make pre-build main-build 
a9-linaro-pre-build-step
' '
'Building file: ../src/helloworld.c'
'Invoking: ARM v7 gcc compiler'
arm-none-eabi-gcc -Wall -O0 -g3 -c -fmessage-length=0 -MT"src/helloworld.o" -mcpu=cortex-a9 -mfpu=vfpv3 -mfloat-abi=hard -I../../AxiLiteZynqBRAMDemo_bsp/ps7_cortexa9_0/include -MMD -MP -MF"src/helloworld.d" -MT"src/helloworld.o" -o "src/helloworld.o" "../src/helloworld.c"
../src/helloworld.c: In function 'main':
../src/helloworld.c:101:39: warning: format '%x' expects argument of type 'unsigned int', but argument 3 has type 'u32 {aka long unsigned int}' [-Wformat=]
   printf ("\nValue in address %u is :%x",i,BramData);
                                       ^
'Finished building: ../src/helloworld.c'
' '
'Building target: AxiLiteZynqBRAMDemo.elf'
'Invoking: ARM v7 gcc linker'
arm-none-eabi-gcc -mcpu=cortex-a9 -mfpu=vfpv3 -mfloat-abi=hard -Wl,-build-id=none -specs=Xilinx.spec -Wl,-T -Wl,../src/lscript.ld -L../../AxiLiteZynqBRAMDemo_bsp/ps7_cortexa9_0/lib -o "AxiLiteZynqBRAMDemo.elf"  ./src/helloworld.o ./src/platform.o   -Wl,--start-group,-lxil,-lgcc,-lc,--end-group
'Finished building target: AxiLiteZynqBRAMDemo.elf'
' '
'Invoking: ARM v7 Print Size'
arm-none-eabi-size AxiLiteZynqBRAMDemo.elf  |tee "AxiLiteZynqBRAMDemo.elf.size"
   text	   data	    bss	    dec	    hex	filename
  76124	   2580	  23328	 102032	  18e90	AxiLiteZynqBRAMDemo.elf
'Finished building: AxiLiteZynqBRAMDemo.elf.size'
' '
11:33:17 **** Incremental Build of configuration Debug for project AxiLiteZynqBRAMDemo ****
make pre-build main-build 
a9-linaro-pre-build-step
' '
make: Nothing to be done for `main-build'.
11:33:53 **** Incremental Build of configuration Debug for project AxiLiteZynqBRAMDemo ****
make pre-build main-build 
a9-linaro-pre-build-step
' '
make: Nothing to be done for `main-build'.
11:37:08 **** Incremental Build of configuration Debug for project AxiLiteZynqBRAMDemo ****
make pre-build main-build 
a9-linaro-pre-build-step
' '
make: Nothing to be done for `main-build'.
11:37:19 **** Incremental Build of configuration Debug for project AxiLiteZynqBRAMDemo ****
make pre-build main-build 
a9-linaro-pre-build-step
' '
make: Nothing to be done for `main-build'.
11:37:49 **** Incremental Build of configuration Debug for project AxiLiteZynqBRAMDemo ****
make pre-build main-build 
a9-linaro-pre-build-step
' '
make: Nothing to be done for `main-build'.
11:38:40 **** Incremental Build of configuration Debug for project AxiLiteZynqBRAMDemo ****
make pre-build main-build 
a9-linaro-pre-build-step
' '
make: Nothing to be done for `main-build'.
11:39:35 **** Incremental Build of configuration Debug for project AxiLiteZynqBRAMDemo ****
make pre-build main-build 
a9-linaro-pre-build-step
' '
make: Nothing to be done for `main-build'.
11:39:39 **** Incremental Build of configuration Debug for project AxiLiteZynqBRAMDemo ****
make pre-build main-build 
a9-linaro-pre-build-step
' '
make: Nothing to be done for `main-build'.
11:39:51 **** Incremental Build of configuration Debug for project AxiLiteZynqBRAMDemo ****
make pre-build main-build 
a9-linaro-pre-build-step
' '
make: Nothing to be done for `main-build'.
11:40:09 **** Incremental Build of configuration Debug for project AxiLiteZynqBRAMDemo ****
make pre-build main-build 
a9-linaro-pre-build-step
' '
make: Nothing to be done for `main-build'.
11:53:31 **** Incremental Build of configuration Debug for project AxiLiteZynqBRAMDemo ****
make pre-build main-build 
a9-linaro-pre-build-step
' '
make: Nothing to be done for `main-build'.
13:56:06 **** Incremental Build of configuration Debug for project AxiLiteZynqBRAMDemo ****
make pre-build main-build 
a9-linaro-pre-build-step
' '
make: Nothing to be done for `main-build'.
14:28:58 **** Auto Build of configuration Debug for project AxiLiteZynqBRAMDemo ****
make pre-build main-build 
a9-linaro-pre-build-step
' '
'Building file: ../src/helloworld.c'
'Invoking: ARM v7 gcc compiler'
arm-none-eabi-gcc -Wall -O0 -g3 -c -fmessage-length=0 -MT"src/helloworld.o" -mcpu=cortex-a9 -mfpu=vfpv3 -mfloat-abi=hard -I../../AxiLiteZynqBRAMDemo_bsp/ps7_cortexa9_0/include -MMD -MP -MF"src/helloworld.d" -MT"src/helloworld.o" -o "src/helloworld.o" "../src/helloworld.c"
../src/helloworld.c: In function 'main':
../src/helloworld.c:101:39: warning: format '%x' expects argument of type 'unsigned int', but argument 3 has type 'u32 {aka long unsigned int}' [-Wformat=]
   printf ("\nValue in address %u is :%x",i,BramData);
                                       ^
'Finished building: ../src/helloworld.c'
' '
'Building target: AxiLiteZynqBRAMDemo.elf'
'Invoking: ARM v7 gcc linker'
arm-none-eabi-gcc -mcpu=cortex-a9 -mfpu=vfpv3 -mfloat-abi=hard -Wl,-build-id=none -specs=Xilinx.spec -Wl,-T -Wl,../src/lscript.ld -L../../AxiLiteZynqBRAMDemo_bsp/ps7_cortexa9_0/lib -o "AxiLiteZynqBRAMDemo.elf"  ./src/helloworld.o ./src/platform.o   -Wl,--start-group,-lxil,-lgcc,-lc,--end-group
'Finished building target: AxiLiteZynqBRAMDemo.elf'
' '
'Invoking: ARM v7 Print Size'
arm-none-eabi-size AxiLiteZynqBRAMDemo.elf  |tee "AxiLiteZynqBRAMDemo.elf.size"
   text	   data	    bss	    dec	    hex	filename
  76124	   2580	  23328	 102032	  18e90	AxiLiteZynqBRAMDemo.elf
'Finished building: AxiLiteZynqBRAMDemo.elf.size'
' '
14:29:38 **** Incremental Build of configuration Debug for project AxiLiteZynqBRAMDemo ****
make pre-build main-build 
a9-linaro-pre-build-step
' '
make: Nothing to be done for `main-build'.
